
*** Running vivado
    with args -log example_ibert_ultrascale_gth_0.vds -m64 -product Vivado -mode batch -messageDb vivado.pb -notrace -source example_ibert_ultrascale_gth_0.tcl


****** Vivado v2019.2 (64-bit)
  **** SW Build 2708876 on Wed Nov  6 21:39:14 MST 2019
  **** IP Build 2700528 on Thu Nov  7 00:09:20 MST 2019
    ** Copyright 1986-2019 Xilinx, Inc. All Rights Reserved.

WARNING: [Common 17-1221] Tcl app 'designutils' is out of date for this release. Please run tclapp::reset_tclstore and reinstall the app.
source example_ibert_ultrascale_gth_0.tcl -notrace
Command: synth_design -top example_ibert_ultrascale_gth_0 -part xcku035-ffva1156-1-c
Starting synth_design
Attempting to get a license for feature 'Synthesis' and/or device 'xcku035'
INFO: [Common 17-349] Got license for feature 'Synthesis' and/or device 'xcku035'
INFO: [Device 21-403] Loading part xcku035-ffva1156-1-c
INFO: Launching helper process for spawning children vivado processes
INFO: Helper process launched with PID 40347 
---------------------------------------------------------------------------------
Starting RTL Elaboration : Time (s): cpu = 00:00:03 ; elapsed = 00:00:05 . Memory (MB): peak = 2327.023 ; gain = 198.621 ; free physical = 108712 ; free virtual = 151063
---------------------------------------------------------------------------------
INFO: [Synth 8-6157] synthesizing module 'example_ibert_ultrascale_gth_0' [/net/top/homes/mhussain/ODMB/B2B_test/b2b_ibert_4p8_4quad/ibert_ultrascale_gth_0_ex/imports/example_ibert_ultrascale_gth_0.v:21]
INFO: [Synth 8-6157] synthesizing module 'IBUFDS_GTE3' [/opt/Xilinx/Vivado/2019.2/scripts/rt/data/unisim_comp.v:33109]
	Parameter REFCLK_EN_TX_PATH bound to: 1'b0 
	Parameter REFCLK_HROW_CK_SEL bound to: 2'b00 
	Parameter REFCLK_ICNTL_RX bound to: 2'b00 
INFO: [Synth 8-6155] done synthesizing module 'IBUFDS_GTE3' (1#1) [/opt/Xilinx/Vivado/2019.2/scripts/rt/data/unisim_comp.v:33109]
INFO: [Synth 8-6157] synthesizing module 'IBUFGDS' [/opt/Xilinx/Vivado/2019.2/scripts/rt/data/unisim_comp.v:33416]
	Parameter CAPACITANCE bound to: DONT_CARE - type: string 
	Parameter DIFF_TERM bound to: FALSE - type: string 
	Parameter IBUF_DELAY_VALUE bound to: 0 - type: string 
	Parameter IBUF_LOW_PWR bound to: TRUE - type: string 
	Parameter IOSTANDARD bound to: DEFAULT - type: string 
INFO: [Synth 8-6155] done synthesizing module 'IBUFGDS' (2#1) [/opt/Xilinx/Vivado/2019.2/scripts/rt/data/unisim_comp.v:33416]
INFO: [Synth 8-6157] synthesizing module 'ibert_ultrascale_gth_0' [/net/top/homes/mhussain/ODMB/B2B_test/b2b_ibert_4p8_4quad/ibert_ultrascale_gth_0_ex/ibert_ultrascale_gth_0_ex.runs/synth_1/.Xil/Vivado-39909-higgs.physics.ucsb.edu/realtime/ibert_ultrascale_gth_0_stub.v:6]
INFO: [Synth 8-6155] done synthesizing module 'ibert_ultrascale_gth_0' (3#1) [/net/top/homes/mhussain/ODMB/B2B_test/b2b_ibert_4p8_4quad/ibert_ultrascale_gth_0_ex/ibert_ultrascale_gth_0_ex.runs/synth_1/.Xil/Vivado-39909-higgs.physics.ucsb.edu/realtime/ibert_ultrascale_gth_0_stub.v:6]
WARNING: [Synth 8-7023] instance 'u_ibert_gth_core' of module 'ibert_ultrascale_gth_0' has 24 connections declared, but only 23 given [/net/top/homes/mhussain/ODMB/B2B_test/b2b_ibert_4p8_4quad/ibert_ultrascale_gth_0_ex/imports/example_ibert_ultrascale_gth_0.v:266]
INFO: [Synth 8-6157] synthesizing module 'vio_0' [/net/top/homes/mhussain/ODMB/B2B_test/b2b_ibert_4p8_4quad/ibert_ultrascale_gth_0_ex/ibert_ultrascale_gth_0_ex.runs/synth_1/.Xil/Vivado-39909-higgs.physics.ucsb.edu/realtime/vio_0_stub.v:6]
INFO: [Synth 8-6155] done synthesizing module 'vio_0' (4#1) [/net/top/homes/mhussain/ODMB/B2B_test/b2b_ibert_4p8_4quad/ibert_ultrascale_gth_0_ex/ibert_ultrascale_gth_0_ex.runs/synth_1/.Xil/Vivado-39909-higgs.physics.ucsb.edu/realtime/vio_0_stub.v:6]
INFO: [Synth 8-6071] Mark debug on the nets applies keep_hierarchy on instance 'spy'. This will prevent further optimization [/net/top/homes/mhussain/ODMB/B2B_test/b2b_ibert_4p8_4quad/ibert_ultrascale_gth_0_ex/imports/example_ibert_ultrascale_gth_0.v:293]
INFO: [Synth 8-6155] done synthesizing module 'example_ibert_ultrascale_gth_0' (5#1) [/net/top/homes/mhussain/ODMB/B2B_test/b2b_ibert_4p8_4quad/ibert_ultrascale_gth_0_ex/imports/example_ibert_ultrascale_gth_0.v:21]
WARNING: [Synth 8-3917] design example_ibert_ultrascale_gth_0 has port kus_dl_sel driven by constant 1
WARNING: [Synth 8-3917] design example_ibert_ultrascale_gth_0 has port fpga_sel_18 driven by constant 0
WARNING: [Synth 8-3917] design example_ibert_ultrascale_gth_0 has port rst_clks_18_b driven by constant 1
WARNING: [Synth 8-3917] design example_ibert_ultrascale_gth_0 has port RX12_I2C_ENA driven by constant 0
WARNING: [Synth 8-3917] design example_ibert_ultrascale_gth_0 has port RX12_CS_B driven by constant 1
WARNING: [Synth 8-3917] design example_ibert_ultrascale_gth_0 has port RX12_RST_B driven by constant 1
WARNING: [Synth 8-3917] design example_ibert_ultrascale_gth_0 has port TX12_I2C_ENA driven by constant 0
WARNING: [Synth 8-3917] design example_ibert_ultrascale_gth_0 has port TX12_CS_B driven by constant 1
WARNING: [Synth 8-3917] design example_ibert_ultrascale_gth_0 has port TX12_RST_B driven by constant 1
WARNING: [Synth 8-3917] design example_ibert_ultrascale_gth_0 has port B04_I2C_ENA driven by constant 0
WARNING: [Synth 8-3917] design example_ibert_ultrascale_gth_0 has port B04_CS_B driven by constant 1
WARNING: [Synth 8-3917] design example_ibert_ultrascale_gth_0 has port B04_RST_B driven by constant 1
WARNING: [Synth 8-3331] design example_ibert_ultrascale_gth_0 has unconnected port ccb_hardrst_b
WARNING: [Synth 8-3331] design example_ibert_ultrascale_gth_0 has unconnected port ccb_soft_rst
WARNING: [Synth 8-3331] design example_ibert_ultrascale_gth_0 has unconnected port done
WARNING: [Synth 8-3331] design example_ibert_ultrascale_gth_0 has unconnected port B04_INT_B
WARNING: [Synth 8-3331] design example_ibert_ultrascale_gth_0 has unconnected port B04_PRESENT_B
---------------------------------------------------------------------------------
Finished RTL Elaboration : Time (s): cpu = 00:00:04 ; elapsed = 00:00:07 . Memory (MB): peak = 2391.754 ; gain = 263.352 ; free physical = 108756 ; free virtual = 151107
---------------------------------------------------------------------------------

Report Check Netlist: 
+------+------------------+-------+---------+-------+------------------+
|      |Item              |Errors |Warnings |Status |Description       |
+------+------------------+-------+---------+-------+------------------+
|1     |multi_driven_nets |      0|        0|Passed |Multi driven nets |
+------+------------------+-------+---------+-------+------------------+
---------------------------------------------------------------------------------
Start Handling Custom Attributes
---------------------------------------------------------------------------------
---------------------------------------------------------------------------------
Finished Handling Custom Attributes : Time (s): cpu = 00:00:04 ; elapsed = 00:00:08 . Memory (MB): peak = 2391.754 ; gain = 263.352 ; free physical = 108753 ; free virtual = 151105
---------------------------------------------------------------------------------
---------------------------------------------------------------------------------
Finished RTL Optimization Phase 1 : Time (s): cpu = 00:00:04 ; elapsed = 00:00:08 . Memory (MB): peak = 2391.754 ; gain = 263.352 ; free physical = 108753 ; free virtual = 151105
---------------------------------------------------------------------------------
Netlist sorting complete. Time (s): cpu = 00:00:00 ; elapsed = 00:00:00 . Memory (MB): peak = 2402.652 ; gain = 0.000 ; free physical = 108746 ; free virtual = 151097
INFO: [Netlist 29-17] Analyzing 1 Unisim elements for replacement
INFO: [Netlist 29-28] Unisim Transformation completed in 0 CPU seconds
INFO: [Project 1-570] Preparing netlist for logic optimization

Processing XDC Constraints
Initializing timing engine
Parsing XDC File [/net/top/homes/mhussain/ODMB/B2B_test/b2b_ibert_4p8_4quad/ibert_ultrascale_gth_0_ex/ibert_ultrascale_gth_0_ex.srcs/sources_1/ip/ibert_ultrascale_gth_0/ibert_ultrascale_gth_0/ibert_ultrascale_gth_0_in_context.xdc] for cell 'u_ibert_gth_core'
Finished Parsing XDC File [/net/top/homes/mhussain/ODMB/B2B_test/b2b_ibert_4p8_4quad/ibert_ultrascale_gth_0_ex/ibert_ultrascale_gth_0_ex.srcs/sources_1/ip/ibert_ultrascale_gth_0/ibert_ultrascale_gth_0/ibert_ultrascale_gth_0_in_context.xdc] for cell 'u_ibert_gth_core'
Parsing XDC File [/net/top/homes/mhussain/ODMB/B2B_test/b2b_ibert_4p8_4quad/ibert_ultrascale_gth_0_ex/ibert_ultrascale_gth_0_ex.srcs/sources_1/ip/vio_0/vio_0/vio_0_in_context.xdc] for cell 'spy'
Finished Parsing XDC File [/net/top/homes/mhussain/ODMB/B2B_test/b2b_ibert_4p8_4quad/ibert_ultrascale_gth_0_ex/ibert_ultrascale_gth_0_ex.srcs/sources_1/ip/vio_0/vio_0/vio_0_in_context.xdc] for cell 'spy'
Parsing XDC File [/net/top/homes/mhussain/ODMB/B2B_test/b2b_ibert_4p8_4quad/ibert_ultrascale_gth_0_ex/imports/example_ibert_ultrascale_gth_0.xdc]
Finished Parsing XDC File [/net/top/homes/mhussain/ODMB/B2B_test/b2b_ibert_4p8_4quad/ibert_ultrascale_gth_0_ex/imports/example_ibert_ultrascale_gth_0.xdc]
INFO: [Project 1-236] Implementation specific constraints were found while reading constraint file [/net/top/homes/mhussain/ODMB/B2B_test/b2b_ibert_4p8_4quad/ibert_ultrascale_gth_0_ex/imports/example_ibert_ultrascale_gth_0.xdc]. These constraints will be ignored for synthesis but will be used in implementation. Impacted constraints are listed in the file [.Xil/example_ibert_ultrascale_gth_0_propImpl.xdc].
Resolution: To avoid this warning, move constraints listed in [.Xil/example_ibert_ultrascale_gth_0_propImpl.xdc] to another XDC file and exclude this new file from synthesis with the used_in_synthesis property (File Properties dialog in GUI) and re-run elaboration/synthesis.
Parsing XDC File [/net/top/homes/mhussain/ODMB/B2B_test/b2b_ibert_4p8_4quad/ibert_ultrascale_gth_0_ex/ibert_ultrascale_gth_0_ex.runs/synth_1/dont_touch.xdc]
Finished Parsing XDC File [/net/top/homes/mhussain/ODMB/B2B_test/b2b_ibert_4p8_4quad/ibert_ultrascale_gth_0_ex/ibert_ultrascale_gth_0_ex.runs/synth_1/dont_touch.xdc]
Completed Processing XDC Constraints

Netlist sorting complete. Time (s): cpu = 00:00:00 ; elapsed = 00:00:00.01 . Memory (MB): peak = 2496.500 ; gain = 0.000 ; free physical = 108695 ; free virtual = 151046
INFO: [Project 1-111] Unisim Transformation Summary:
  A total of 1 instances were transformed.
  IBUFGDS => IBUFDS (DIFFINBUF, IBUFCTRL): 1 instance 

Constraint Validation Runtime : Time (s): cpu = 00:00:00.01 ; elapsed = 00:00:00.06 . Memory (MB): peak = 2496.500 ; gain = 0.000 ; free physical = 108695 ; free virtual = 151046
---------------------------------------------------------------------------------
Finished Constraint Validation : Time (s): cpu = 00:00:08 ; elapsed = 00:00:17 . Memory (MB): peak = 2496.500 ; gain = 368.098 ; free physical = 108733 ; free virtual = 151085
---------------------------------------------------------------------------------
---------------------------------------------------------------------------------
Start Loading Part and Timing Information
---------------------------------------------------------------------------------
Loading part: xcku035-ffva1156-1-c
INFO: [Synth 8-6742] Reading net delay rules and data
---------------------------------------------------------------------------------
Finished Loading Part and Timing Information : Time (s): cpu = 00:00:08 ; elapsed = 00:00:17 . Memory (MB): peak = 2496.500 ; gain = 368.098 ; free physical = 108733 ; free virtual = 151085
---------------------------------------------------------------------------------
---------------------------------------------------------------------------------
Start Applying 'set_property' XDC Constraints
---------------------------------------------------------------------------------
Applied set_property IO_BUFFER_TYPE = NONE for gth_rxn_i[0]. (constraint file  /net/top/homes/mhussain/ODMB/B2B_test/b2b_ibert_4p8_4quad/ibert_ultrascale_gth_0_ex/ibert_ultrascale_gth_0_ex.srcs/sources_1/ip/ibert_ultrascale_gth_0/ibert_ultrascale_gth_0/ibert_ultrascale_gth_0_in_context.xdc, line 1).
Applied set_property CLOCK_BUFFER_TYPE = NONE for gth_rxn_i[0]. (constraint file  /net/top/homes/mhussain/ODMB/B2B_test/b2b_ibert_4p8_4quad/ibert_ultrascale_gth_0_ex/ibert_ultrascale_gth_0_ex.srcs/sources_1/ip/ibert_ultrascale_gth_0/ibert_ultrascale_gth_0/ibert_ultrascale_gth_0_in_context.xdc, line 2).
Applied set_property IO_BUFFER_TYPE = NONE for gth_rxn_i[10]. (constraint file  /net/top/homes/mhussain/ODMB/B2B_test/b2b_ibert_4p8_4quad/ibert_ultrascale_gth_0_ex/ibert_ultrascale_gth_0_ex.srcs/sources_1/ip/ibert_ultrascale_gth_0/ibert_ultrascale_gth_0/ibert_ultrascale_gth_0_in_context.xdc, line 3).
Applied set_property CLOCK_BUFFER_TYPE = NONE for gth_rxn_i[10]. (constraint file  /net/top/homes/mhussain/ODMB/B2B_test/b2b_ibert_4p8_4quad/ibert_ultrascale_gth_0_ex/ibert_ultrascale_gth_0_ex.srcs/sources_1/ip/ibert_ultrascale_gth_0/ibert_ultrascale_gth_0/ibert_ultrascale_gth_0_in_context.xdc, line 4).
Applied set_property IO_BUFFER_TYPE = NONE for gth_rxn_i[11]. (constraint file  /net/top/homes/mhussain/ODMB/B2B_test/b2b_ibert_4p8_4quad/ibert_ultrascale_gth_0_ex/ibert_ultrascale_gth_0_ex.srcs/sources_1/ip/ibert_ultrascale_gth_0/ibert_ultrascale_gth_0/ibert_ultrascale_gth_0_in_context.xdc, line 5).
Applied set_property CLOCK_BUFFER_TYPE = NONE for gth_rxn_i[11]. (constraint file  /net/top/homes/mhussain/ODMB/B2B_test/b2b_ibert_4p8_4quad/ibert_ultrascale_gth_0_ex/ibert_ultrascale_gth_0_ex.srcs/sources_1/ip/ibert_ultrascale_gth_0/ibert_ultrascale_gth_0/ibert_ultrascale_gth_0_in_context.xdc, line 6).
Applied set_property IO_BUFFER_TYPE = NONE for gth_rxn_i[12]. (constraint file  /net/top/homes/mhussain/ODMB/B2B_test/b2b_ibert_4p8_4quad/ibert_ultrascale_gth_0_ex/ibert_ultrascale_gth_0_ex.srcs/sources_1/ip/ibert_ultrascale_gth_0/ibert_ultrascale_gth_0/ibert_ultrascale_gth_0_in_context.xdc, line 7).
Applied set_property CLOCK_BUFFER_TYPE = NONE for gth_rxn_i[12]. (constraint file  /net/top/homes/mhussain/ODMB/B2B_test/b2b_ibert_4p8_4quad/ibert_ultrascale_gth_0_ex/ibert_ultrascale_gth_0_ex.srcs/sources_1/ip/ibert_ultrascale_gth_0/ibert_ultrascale_gth_0/ibert_ultrascale_gth_0_in_context.xdc, line 8).
Applied set_property IO_BUFFER_TYPE = NONE for gth_rxn_i[13]. (constraint file  /net/top/homes/mhussain/ODMB/B2B_test/b2b_ibert_4p8_4quad/ibert_ultrascale_gth_0_ex/ibert_ultrascale_gth_0_ex.srcs/sources_1/ip/ibert_ultrascale_gth_0/ibert_ultrascale_gth_0/ibert_ultrascale_gth_0_in_context.xdc, line 9).
Applied set_property CLOCK_BUFFER_TYPE = NONE for gth_rxn_i[13]. (constraint file  /net/top/homes/mhussain/ODMB/B2B_test/b2b_ibert_4p8_4quad/ibert_ultrascale_gth_0_ex/ibert_ultrascale_gth_0_ex.srcs/sources_1/ip/ibert_ultrascale_gth_0/ibert_ultrascale_gth_0/ibert_ultrascale_gth_0_in_context.xdc, line 10).
Applied set_property IO_BUFFER_TYPE = NONE for gth_rxn_i[14]. (constraint file  /net/top/homes/mhussain/ODMB/B2B_test/b2b_ibert_4p8_4quad/ibert_ultrascale_gth_0_ex/ibert_ultrascale_gth_0_ex.srcs/sources_1/ip/ibert_ultrascale_gth_0/ibert_ultrascale_gth_0/ibert_ultrascale_gth_0_in_context.xdc, line 11).
Applied set_property CLOCK_BUFFER_TYPE = NONE for gth_rxn_i[14]. (constraint file  /net/top/homes/mhussain/ODMB/B2B_test/b2b_ibert_4p8_4quad/ibert_ultrascale_gth_0_ex/ibert_ultrascale_gth_0_ex.srcs/sources_1/ip/ibert_ultrascale_gth_0/ibert_ultrascale_gth_0/ibert_ultrascale_gth_0_in_context.xdc, line 12).
Applied set_property IO_BUFFER_TYPE = NONE for gth_rxn_i[15]. (constraint file  /net/top/homes/mhussain/ODMB/B2B_test/b2b_ibert_4p8_4quad/ibert_ultrascale_gth_0_ex/ibert_ultrascale_gth_0_ex.srcs/sources_1/ip/ibert_ultrascale_gth_0/ibert_ultrascale_gth_0/ibert_ultrascale_gth_0_in_context.xdc, line 13).
Applied set_property CLOCK_BUFFER_TYPE = NONE for gth_rxn_i[15]. (constraint file  /net/top/homes/mhussain/ODMB/B2B_test/b2b_ibert_4p8_4quad/ibert_ultrascale_gth_0_ex/ibert_ultrascale_gth_0_ex.srcs/sources_1/ip/ibert_ultrascale_gth_0/ibert_ultrascale_gth_0/ibert_ultrascale_gth_0_in_context.xdc, line 14).
Applied set_property IO_BUFFER_TYPE = NONE for gth_rxn_i[1]. (constraint file  /net/top/homes/mhussain/ODMB/B2B_test/b2b_ibert_4p8_4quad/ibert_ultrascale_gth_0_ex/ibert_ultrascale_gth_0_ex.srcs/sources_1/ip/ibert_ultrascale_gth_0/ibert_ultrascale_gth_0/ibert_ultrascale_gth_0_in_context.xdc, line 15).
Applied set_property CLOCK_BUFFER_TYPE = NONE for gth_rxn_i[1]. (constraint file  /net/top/homes/mhussain/ODMB/B2B_test/b2b_ibert_4p8_4quad/ibert_ultrascale_gth_0_ex/ibert_ultrascale_gth_0_ex.srcs/sources_1/ip/ibert_ultrascale_gth_0/ibert_ultrascale_gth_0/ibert_ultrascale_gth_0_in_context.xdc, line 16).
Applied set_property IO_BUFFER_TYPE = NONE for gth_rxn_i[2]. (constraint file  /net/top/homes/mhussain/ODMB/B2B_test/b2b_ibert_4p8_4quad/ibert_ultrascale_gth_0_ex/ibert_ultrascale_gth_0_ex.srcs/sources_1/ip/ibert_ultrascale_gth_0/ibert_ultrascale_gth_0/ibert_ultrascale_gth_0_in_context.xdc, line 17).
Applied set_property CLOCK_BUFFER_TYPE = NONE for gth_rxn_i[2]. (constraint file  /net/top/homes/mhussain/ODMB/B2B_test/b2b_ibert_4p8_4quad/ibert_ultrascale_gth_0_ex/ibert_ultrascale_gth_0_ex.srcs/sources_1/ip/ibert_ultrascale_gth_0/ibert_ultrascale_gth_0/ibert_ultrascale_gth_0_in_context.xdc, line 18).
Applied set_property IO_BUFFER_TYPE = NONE for gth_rxn_i[3]. (constraint file  /net/top/homes/mhussain/ODMB/B2B_test/b2b_ibert_4p8_4quad/ibert_ultrascale_gth_0_ex/ibert_ultrascale_gth_0_ex.srcs/sources_1/ip/ibert_ultrascale_gth_0/ibert_ultrascale_gth_0/ibert_ultrascale_gth_0_in_context.xdc, line 19).
Applied set_property CLOCK_BUFFER_TYPE = NONE for gth_rxn_i[3]. (constraint file  /net/top/homes/mhussain/ODMB/B2B_test/b2b_ibert_4p8_4quad/ibert_ultrascale_gth_0_ex/ibert_ultrascale_gth_0_ex.srcs/sources_1/ip/ibert_ultrascale_gth_0/ibert_ultrascale_gth_0/ibert_ultrascale_gth_0_in_context.xdc, line 20).
Applied set_property IO_BUFFER_TYPE = NONE for gth_rxn_i[4]. (constraint file  /net/top/homes/mhussain/ODMB/B2B_test/b2b_ibert_4p8_4quad/ibert_ultrascale_gth_0_ex/ibert_ultrascale_gth_0_ex.srcs/sources_1/ip/ibert_ultrascale_gth_0/ibert_ultrascale_gth_0/ibert_ultrascale_gth_0_in_context.xdc, line 21).
Applied set_property CLOCK_BUFFER_TYPE = NONE for gth_rxn_i[4]. (constraint file  /net/top/homes/mhussain/ODMB/B2B_test/b2b_ibert_4p8_4quad/ibert_ultrascale_gth_0_ex/ibert_ultrascale_gth_0_ex.srcs/sources_1/ip/ibert_ultrascale_gth_0/ibert_ultrascale_gth_0/ibert_ultrascale_gth_0_in_context.xdc, line 22).
Applied set_property IO_BUFFER_TYPE = NONE for gth_rxn_i[5]. (constraint file  /net/top/homes/mhussain/ODMB/B2B_test/b2b_ibert_4p8_4quad/ibert_ultrascale_gth_0_ex/ibert_ultrascale_gth_0_ex.srcs/sources_1/ip/ibert_ultrascale_gth_0/ibert_ultrascale_gth_0/ibert_ultrascale_gth_0_in_context.xdc, line 23).
Applied set_property CLOCK_BUFFER_TYPE = NONE for gth_rxn_i[5]. (constraint file  /net/top/homes/mhussain/ODMB/B2B_test/b2b_ibert_4p8_4quad/ibert_ultrascale_gth_0_ex/ibert_ultrascale_gth_0_ex.srcs/sources_1/ip/ibert_ultrascale_gth_0/ibert_ultrascale_gth_0/ibert_ultrascale_gth_0_in_context.xdc, line 24).
Applied set_property IO_BUFFER_TYPE = NONE for gth_rxn_i[6]. (constraint file  /net/top/homes/mhussain/ODMB/B2B_test/b2b_ibert_4p8_4quad/ibert_ultrascale_gth_0_ex/ibert_ultrascale_gth_0_ex.srcs/sources_1/ip/ibert_ultrascale_gth_0/ibert_ultrascale_gth_0/ibert_ultrascale_gth_0_in_context.xdc, line 25).
Applied set_property CLOCK_BUFFER_TYPE = NONE for gth_rxn_i[6]. (constraint file  /net/top/homes/mhussain/ODMB/B2B_test/b2b_ibert_4p8_4quad/ibert_ultrascale_gth_0_ex/ibert_ultrascale_gth_0_ex.srcs/sources_1/ip/ibert_ultrascale_gth_0/ibert_ultrascale_gth_0/ibert_ultrascale_gth_0_in_context.xdc, line 26).
Applied set_property IO_BUFFER_TYPE = NONE for gth_rxn_i[7]. (constraint file  /net/top/homes/mhussain/ODMB/B2B_test/b2b_ibert_4p8_4quad/ibert_ultrascale_gth_0_ex/ibert_ultrascale_gth_0_ex.srcs/sources_1/ip/ibert_ultrascale_gth_0/ibert_ultrascale_gth_0/ibert_ultrascale_gth_0_in_context.xdc, line 27).
Applied set_property CLOCK_BUFFER_TYPE = NONE for gth_rxn_i[7]. (constraint file  /net/top/homes/mhussain/ODMB/B2B_test/b2b_ibert_4p8_4quad/ibert_ultrascale_gth_0_ex/ibert_ultrascale_gth_0_ex.srcs/sources_1/ip/ibert_ultrascale_gth_0/ibert_ultrascale_gth_0/ibert_ultrascale_gth_0_in_context.xdc, line 28).
Applied set_property IO_BUFFER_TYPE = NONE for gth_rxn_i[8]. (constraint file  /net/top/homes/mhussain/ODMB/B2B_test/b2b_ibert_4p8_4quad/ibert_ultrascale_gth_0_ex/ibert_ultrascale_gth_0_ex.srcs/sources_1/ip/ibert_ultrascale_gth_0/ibert_ultrascale_gth_0/ibert_ultrascale_gth_0_in_context.xdc, line 29).
Applied set_property CLOCK_BUFFER_TYPE = NONE for gth_rxn_i[8]. (constraint file  /net/top/homes/mhussain/ODMB/B2B_test/b2b_ibert_4p8_4quad/ibert_ultrascale_gth_0_ex/ibert_ultrascale_gth_0_ex.srcs/sources_1/ip/ibert_ultrascale_gth_0/ibert_ultrascale_gth_0/ibert_ultrascale_gth_0_in_context.xdc, line 30).
Applied set_property IO_BUFFER_TYPE = NONE for gth_rxn_i[9]. (constraint file  /net/top/homes/mhussain/ODMB/B2B_test/b2b_ibert_4p8_4quad/ibert_ultrascale_gth_0_ex/ibert_ultrascale_gth_0_ex.srcs/sources_1/ip/ibert_ultrascale_gth_0/ibert_ultrascale_gth_0/ibert_ultrascale_gth_0_in_context.xdc, line 31).
Applied set_property CLOCK_BUFFER_TYPE = NONE for gth_rxn_i[9]. (constraint file  /net/top/homes/mhussain/ODMB/B2B_test/b2b_ibert_4p8_4quad/ibert_ultrascale_gth_0_ex/ibert_ultrascale_gth_0_ex.srcs/sources_1/ip/ibert_ultrascale_gth_0/ibert_ultrascale_gth_0/ibert_ultrascale_gth_0_in_context.xdc, line 32).
Applied set_property IO_BUFFER_TYPE = NONE for gth_rxp_i[0]. (constraint file  /net/top/homes/mhussain/ODMB/B2B_test/b2b_ibert_4p8_4quad/ibert_ultrascale_gth_0_ex/ibert_ultrascale_gth_0_ex.srcs/sources_1/ip/ibert_ultrascale_gth_0/ibert_ultrascale_gth_0/ibert_ultrascale_gth_0_in_context.xdc, line 33).
Applied set_property CLOCK_BUFFER_TYPE = NONE for gth_rxp_i[0]. (constraint file  /net/top/homes/mhussain/ODMB/B2B_test/b2b_ibert_4p8_4quad/ibert_ultrascale_gth_0_ex/ibert_ultrascale_gth_0_ex.srcs/sources_1/ip/ibert_ultrascale_gth_0/ibert_ultrascale_gth_0/ibert_ultrascale_gth_0_in_context.xdc, line 34).
Applied set_property IO_BUFFER_TYPE = NONE for gth_rxp_i[10]. (constraint file  /net/top/homes/mhussain/ODMB/B2B_test/b2b_ibert_4p8_4quad/ibert_ultrascale_gth_0_ex/ibert_ultrascale_gth_0_ex.srcs/sources_1/ip/ibert_ultrascale_gth_0/ibert_ultrascale_gth_0/ibert_ultrascale_gth_0_in_context.xdc, line 35).
Applied set_property CLOCK_BUFFER_TYPE = NONE for gth_rxp_i[10]. (constraint file  /net/top/homes/mhussain/ODMB/B2B_test/b2b_ibert_4p8_4quad/ibert_ultrascale_gth_0_ex/ibert_ultrascale_gth_0_ex.srcs/sources_1/ip/ibert_ultrascale_gth_0/ibert_ultrascale_gth_0/ibert_ultrascale_gth_0_in_context.xdc, line 36).
Applied set_property IO_BUFFER_TYPE = NONE for gth_rxp_i[11]. (constraint file  /net/top/homes/mhussain/ODMB/B2B_test/b2b_ibert_4p8_4quad/ibert_ultrascale_gth_0_ex/ibert_ultrascale_gth_0_ex.srcs/sources_1/ip/ibert_ultrascale_gth_0/ibert_ultrascale_gth_0/ibert_ultrascale_gth_0_in_context.xdc, line 37).
Applied set_property CLOCK_BUFFER_TYPE = NONE for gth_rxp_i[11]. (constraint file  /net/top/homes/mhussain/ODMB/B2B_test/b2b_ibert_4p8_4quad/ibert_ultrascale_gth_0_ex/ibert_ultrascale_gth_0_ex.srcs/sources_1/ip/ibert_ultrascale_gth_0/ibert_ultrascale_gth_0/ibert_ultrascale_gth_0_in_context.xdc, line 38).
Applied set_property IO_BUFFER_TYPE = NONE for gth_rxp_i[12]. (constraint file  /net/top/homes/mhussain/ODMB/B2B_test/b2b_ibert_4p8_4quad/ibert_ultrascale_gth_0_ex/ibert_ultrascale_gth_0_ex.srcs/sources_1/ip/ibert_ultrascale_gth_0/ibert_ultrascale_gth_0/ibert_ultrascale_gth_0_in_context.xdc, line 39).
Applied set_property CLOCK_BUFFER_TYPE = NONE for gth_rxp_i[12]. (constraint file  /net/top/homes/mhussain/ODMB/B2B_test/b2b_ibert_4p8_4quad/ibert_ultrascale_gth_0_ex/ibert_ultrascale_gth_0_ex.srcs/sources_1/ip/ibert_ultrascale_gth_0/ibert_ultrascale_gth_0/ibert_ultrascale_gth_0_in_context.xdc, line 40).
Applied set_property IO_BUFFER_TYPE = NONE for gth_rxp_i[13]. (constraint file  /net/top/homes/mhussain/ODMB/B2B_test/b2b_ibert_4p8_4quad/ibert_ultrascale_gth_0_ex/ibert_ultrascale_gth_0_ex.srcs/sources_1/ip/ibert_ultrascale_gth_0/ibert_ultrascale_gth_0/ibert_ultrascale_gth_0_in_context.xdc, line 41).
Applied set_property CLOCK_BUFFER_TYPE = NONE for gth_rxp_i[13]. (constraint file  /net/top/homes/mhussain/ODMB/B2B_test/b2b_ibert_4p8_4quad/ibert_ultrascale_gth_0_ex/ibert_ultrascale_gth_0_ex.srcs/sources_1/ip/ibert_ultrascale_gth_0/ibert_ultrascale_gth_0/ibert_ultrascale_gth_0_in_context.xdc, line 42).
Applied set_property IO_BUFFER_TYPE = NONE for gth_rxp_i[14]. (constraint file  /net/top/homes/mhussain/ODMB/B2B_test/b2b_ibert_4p8_4quad/ibert_ultrascale_gth_0_ex/ibert_ultrascale_gth_0_ex.srcs/sources_1/ip/ibert_ultrascale_gth_0/ibert_ultrascale_gth_0/ibert_ultrascale_gth_0_in_context.xdc, line 43).
Applied set_property CLOCK_BUFFER_TYPE = NONE for gth_rxp_i[14]. (constraint file  /net/top/homes/mhussain/ODMB/B2B_test/b2b_ibert_4p8_4quad/ibert_ultrascale_gth_0_ex/ibert_ultrascale_gth_0_ex.srcs/sources_1/ip/ibert_ultrascale_gth_0/ibert_ultrascale_gth_0/ibert_ultrascale_gth_0_in_context.xdc, line 44).
Applied set_property IO_BUFFER_TYPE = NONE for gth_rxp_i[15]. (constraint file  /net/top/homes/mhussain/ODMB/B2B_test/b2b_ibert_4p8_4quad/ibert_ultrascale_gth_0_ex/ibert_ultrascale_gth_0_ex.srcs/sources_1/ip/ibert_ultrascale_gth_0/ibert_ultrascale_gth_0/ibert_ultrascale_gth_0_in_context.xdc, line 45).
Applied set_property CLOCK_BUFFER_TYPE = NONE for gth_rxp_i[15]. (constraint file  /net/top/homes/mhussain/ODMB/B2B_test/b2b_ibert_4p8_4quad/ibert_ultrascale_gth_0_ex/ibert_ultrascale_gth_0_ex.srcs/sources_1/ip/ibert_ultrascale_gth_0/ibert_ultrascale_gth_0/ibert_ultrascale_gth_0_in_context.xdc, line 46).
Applied set_property IO_BUFFER_TYPE = NONE for gth_rxp_i[1]. (constraint file  /net/top/homes/mhussain/ODMB/B2B_test/b2b_ibert_4p8_4quad/ibert_ultrascale_gth_0_ex/ibert_ultrascale_gth_0_ex.srcs/sources_1/ip/ibert_ultrascale_gth_0/ibert_ultrascale_gth_0/ibert_ultrascale_gth_0_in_context.xdc, line 47).
Applied set_property CLOCK_BUFFER_TYPE = NONE for gth_rxp_i[1]. (constraint file  /net/top/homes/mhussain/ODMB/B2B_test/b2b_ibert_4p8_4quad/ibert_ultrascale_gth_0_ex/ibert_ultrascale_gth_0_ex.srcs/sources_1/ip/ibert_ultrascale_gth_0/ibert_ultrascale_gth_0/ibert_ultrascale_gth_0_in_context.xdc, line 48).
Applied set_property IO_BUFFER_TYPE = NONE for gth_rxp_i[2]. (constraint file  /net/top/homes/mhussain/ODMB/B2B_test/b2b_ibert_4p8_4quad/ibert_ultrascale_gth_0_ex/ibert_ultrascale_gth_0_ex.srcs/sources_1/ip/ibert_ultrascale_gth_0/ibert_ultrascale_gth_0/ibert_ultrascale_gth_0_in_context.xdc, line 49).
Applied set_property CLOCK_BUFFER_TYPE = NONE for gth_rxp_i[2]. (constraint file  /net/top/homes/mhussain/ODMB/B2B_test/b2b_ibert_4p8_4quad/ibert_ultrascale_gth_0_ex/ibert_ultrascale_gth_0_ex.srcs/sources_1/ip/ibert_ultrascale_gth_0/ibert_ultrascale_gth_0/ibert_ultrascale_gth_0_in_context.xdc, line 50).
Applied set_property IO_BUFFER_TYPE = NONE for gth_rxp_i[3]. (constraint file  /net/top/homes/mhussain/ODMB/B2B_test/b2b_ibert_4p8_4quad/ibert_ultrascale_gth_0_ex/ibert_ultrascale_gth_0_ex.srcs/sources_1/ip/ibert_ultrascale_gth_0/ibert_ultrascale_gth_0/ibert_ultrascale_gth_0_in_context.xdc, line 51).
Applied set_property CLOCK_BUFFER_TYPE = NONE for gth_rxp_i[3]. (constraint file  /net/top/homes/mhussain/ODMB/B2B_test/b2b_ibert_4p8_4quad/ibert_ultrascale_gth_0_ex/ibert_ultrascale_gth_0_ex.srcs/sources_1/ip/ibert_ultrascale_gth_0/ibert_ultrascale_gth_0/ibert_ultrascale_gth_0_in_context.xdc, line 52).
Applied set_property IO_BUFFER_TYPE = NONE for gth_rxp_i[4]. (constraint file  /net/top/homes/mhussain/ODMB/B2B_test/b2b_ibert_4p8_4quad/ibert_ultrascale_gth_0_ex/ibert_ultrascale_gth_0_ex.srcs/sources_1/ip/ibert_ultrascale_gth_0/ibert_ultrascale_gth_0/ibert_ultrascale_gth_0_in_context.xdc, line 53).
Applied set_property CLOCK_BUFFER_TYPE = NONE for gth_rxp_i[4]. (constraint file  /net/top/homes/mhussain/ODMB/B2B_test/b2b_ibert_4p8_4quad/ibert_ultrascale_gth_0_ex/ibert_ultrascale_gth_0_ex.srcs/sources_1/ip/ibert_ultrascale_gth_0/ibert_ultrascale_gth_0/ibert_ultrascale_gth_0_in_context.xdc, line 54).
Applied set_property IO_BUFFER_TYPE = NONE for gth_rxp_i[5]. (constraint file  /net/top/homes/mhussain/ODMB/B2B_test/b2b_ibert_4p8_4quad/ibert_ultrascale_gth_0_ex/ibert_ultrascale_gth_0_ex.srcs/sources_1/ip/ibert_ultrascale_gth_0/ibert_ultrascale_gth_0/ibert_ultrascale_gth_0_in_context.xdc, line 55).
Applied set_property CLOCK_BUFFER_TYPE = NONE for gth_rxp_i[5]. (constraint file  /net/top/homes/mhussain/ODMB/B2B_test/b2b_ibert_4p8_4quad/ibert_ultrascale_gth_0_ex/ibert_ultrascale_gth_0_ex.srcs/sources_1/ip/ibert_ultrascale_gth_0/ibert_ultrascale_gth_0/ibert_ultrascale_gth_0_in_context.xdc, line 56).
Applied set_property IO_BUFFER_TYPE = NONE for gth_rxp_i[6]. (constraint file  /net/top/homes/mhussain/ODMB/B2B_test/b2b_ibert_4p8_4quad/ibert_ultrascale_gth_0_ex/ibert_ultrascale_gth_0_ex.srcs/sources_1/ip/ibert_ultrascale_gth_0/ibert_ultrascale_gth_0/ibert_ultrascale_gth_0_in_context.xdc, line 57).
Applied set_property CLOCK_BUFFER_TYPE = NONE for gth_rxp_i[6]. (constraint file  /net/top/homes/mhussain/ODMB/B2B_test/b2b_ibert_4p8_4quad/ibert_ultrascale_gth_0_ex/ibert_ultrascale_gth_0_ex.srcs/sources_1/ip/ibert_ultrascale_gth_0/ibert_ultrascale_gth_0/ibert_ultrascale_gth_0_in_context.xdc, line 58).
Applied set_property IO_BUFFER_TYPE = NONE for gth_rxp_i[7]. (constraint file  /net/top/homes/mhussain/ODMB/B2B_test/b2b_ibert_4p8_4quad/ibert_ultrascale_gth_0_ex/ibert_ultrascale_gth_0_ex.srcs/sources_1/ip/ibert_ultrascale_gth_0/ibert_ultrascale_gth_0/ibert_ultrascale_gth_0_in_context.xdc, line 59).
Applied set_property CLOCK_BUFFER_TYPE = NONE for gth_rxp_i[7]. (constraint file  /net/top/homes/mhussain/ODMB/B2B_test/b2b_ibert_4p8_4quad/ibert_ultrascale_gth_0_ex/ibert_ultrascale_gth_0_ex.srcs/sources_1/ip/ibert_ultrascale_gth_0/ibert_ultrascale_gth_0/ibert_ultrascale_gth_0_in_context.xdc, line 60).
Applied set_property IO_BUFFER_TYPE = NONE for gth_rxp_i[8]. (constraint file  /net/top/homes/mhussain/ODMB/B2B_test/b2b_ibert_4p8_4quad/ibert_ultrascale_gth_0_ex/ibert_ultrascale_gth_0_ex.srcs/sources_1/ip/ibert_ultrascale_gth_0/ibert_ultrascale_gth_0/ibert_ultrascale_gth_0_in_context.xdc, line 61).
Applied set_property CLOCK_BUFFER_TYPE = NONE for gth_rxp_i[8]. (constraint file  /net/top/homes/mhussain/ODMB/B2B_test/b2b_ibert_4p8_4quad/ibert_ultrascale_gth_0_ex/ibert_ultrascale_gth_0_ex.srcs/sources_1/ip/ibert_ultrascale_gth_0/ibert_ultrascale_gth_0/ibert_ultrascale_gth_0_in_context.xdc, line 62).
Applied set_property IO_BUFFER_TYPE = NONE for gth_rxp_i[9]. (constraint file  /net/top/homes/mhussain/ODMB/B2B_test/b2b_ibert_4p8_4quad/ibert_ultrascale_gth_0_ex/ibert_ultrascale_gth_0_ex.srcs/sources_1/ip/ibert_ultrascale_gth_0/ibert_ultrascale_gth_0/ibert_ultrascale_gth_0_in_context.xdc, line 63).
Applied set_property CLOCK_BUFFER_TYPE = NONE for gth_rxp_i[9]. (constraint file  /net/top/homes/mhussain/ODMB/B2B_test/b2b_ibert_4p8_4quad/ibert_ultrascale_gth_0_ex/ibert_ultrascale_gth_0_ex.srcs/sources_1/ip/ibert_ultrascale_gth_0/ibert_ultrascale_gth_0/ibert_ultrascale_gth_0_in_context.xdc, line 64).
Applied set_property IO_BUFFER_TYPE = NONE for gth_txn_o[0]. (constraint file  /net/top/homes/mhussain/ODMB/B2B_test/b2b_ibert_4p8_4quad/ibert_ultrascale_gth_0_ex/ibert_ultrascale_gth_0_ex.srcs/sources_1/ip/ibert_ultrascale_gth_0/ibert_ultrascale_gth_0/ibert_ultrascale_gth_0_in_context.xdc, line 65).
Applied set_property CLOCK_BUFFER_TYPE = NONE for gth_txn_o[0]. (constraint file  /net/top/homes/mhussain/ODMB/B2B_test/b2b_ibert_4p8_4quad/ibert_ultrascale_gth_0_ex/ibert_ultrascale_gth_0_ex.srcs/sources_1/ip/ibert_ultrascale_gth_0/ibert_ultrascale_gth_0/ibert_ultrascale_gth_0_in_context.xdc, line 66).
Applied set_property IO_BUFFER_TYPE = NONE for gth_txn_o[10]. (constraint file  /net/top/homes/mhussain/ODMB/B2B_test/b2b_ibert_4p8_4quad/ibert_ultrascale_gth_0_ex/ibert_ultrascale_gth_0_ex.srcs/sources_1/ip/ibert_ultrascale_gth_0/ibert_ultrascale_gth_0/ibert_ultrascale_gth_0_in_context.xdc, line 67).
Applied set_property CLOCK_BUFFER_TYPE = NONE for gth_txn_o[10]. (constraint file  /net/top/homes/mhussain/ODMB/B2B_test/b2b_ibert_4p8_4quad/ibert_ultrascale_gth_0_ex/ibert_ultrascale_gth_0_ex.srcs/sources_1/ip/ibert_ultrascale_gth_0/ibert_ultrascale_gth_0/ibert_ultrascale_gth_0_in_context.xdc, line 68).
Applied set_property IO_BUFFER_TYPE = NONE for gth_txn_o[11]. (constraint file  /net/top/homes/mhussain/ODMB/B2B_test/b2b_ibert_4p8_4quad/ibert_ultrascale_gth_0_ex/ibert_ultrascale_gth_0_ex.srcs/sources_1/ip/ibert_ultrascale_gth_0/ibert_ultrascale_gth_0/ibert_ultrascale_gth_0_in_context.xdc, line 69).
Applied set_property CLOCK_BUFFER_TYPE = NONE for gth_txn_o[11]. (constraint file  /net/top/homes/mhussain/ODMB/B2B_test/b2b_ibert_4p8_4quad/ibert_ultrascale_gth_0_ex/ibert_ultrascale_gth_0_ex.srcs/sources_1/ip/ibert_ultrascale_gth_0/ibert_ultrascale_gth_0/ibert_ultrascale_gth_0_in_context.xdc, line 70).
Applied set_property IO_BUFFER_TYPE = NONE for gth_txn_o[12]. (constraint file  /net/top/homes/mhussain/ODMB/B2B_test/b2b_ibert_4p8_4quad/ibert_ultrascale_gth_0_ex/ibert_ultrascale_gth_0_ex.srcs/sources_1/ip/ibert_ultrascale_gth_0/ibert_ultrascale_gth_0/ibert_ultrascale_gth_0_in_context.xdc, line 71).
Applied set_property CLOCK_BUFFER_TYPE = NONE for gth_txn_o[12]. (constraint file  /net/top/homes/mhussain/ODMB/B2B_test/b2b_ibert_4p8_4quad/ibert_ultrascale_gth_0_ex/ibert_ultrascale_gth_0_ex.srcs/sources_1/ip/ibert_ultrascale_gth_0/ibert_ultrascale_gth_0/ibert_ultrascale_gth_0_in_context.xdc, line 72).
Applied set_property IO_BUFFER_TYPE = NONE for gth_txn_o[13]. (constraint file  /net/top/homes/mhussain/ODMB/B2B_test/b2b_ibert_4p8_4quad/ibert_ultrascale_gth_0_ex/ibert_ultrascale_gth_0_ex.srcs/sources_1/ip/ibert_ultrascale_gth_0/ibert_ultrascale_gth_0/ibert_ultrascale_gth_0_in_context.xdc, line 73).
Applied set_property CLOCK_BUFFER_TYPE = NONE for gth_txn_o[13]. (constraint file  /net/top/homes/mhussain/ODMB/B2B_test/b2b_ibert_4p8_4quad/ibert_ultrascale_gth_0_ex/ibert_ultrascale_gth_0_ex.srcs/sources_1/ip/ibert_ultrascale_gth_0/ibert_ultrascale_gth_0/ibert_ultrascale_gth_0_in_context.xdc, line 74).
Applied set_property IO_BUFFER_TYPE = NONE for gth_txn_o[14]. (constraint file  /net/top/homes/mhussain/ODMB/B2B_test/b2b_ibert_4p8_4quad/ibert_ultrascale_gth_0_ex/ibert_ultrascale_gth_0_ex.srcs/sources_1/ip/ibert_ultrascale_gth_0/ibert_ultrascale_gth_0/ibert_ultrascale_gth_0_in_context.xdc, line 75).
Applied set_property CLOCK_BUFFER_TYPE = NONE for gth_txn_o[14]. (constraint file  /net/top/homes/mhussain/ODMB/B2B_test/b2b_ibert_4p8_4quad/ibert_ultrascale_gth_0_ex/ibert_ultrascale_gth_0_ex.srcs/sources_1/ip/ibert_ultrascale_gth_0/ibert_ultrascale_gth_0/ibert_ultrascale_gth_0_in_context.xdc, line 76).
Applied set_property IO_BUFFER_TYPE = NONE for gth_txn_o[15]. (constraint file  /net/top/homes/mhussain/ODMB/B2B_test/b2b_ibert_4p8_4quad/ibert_ultrascale_gth_0_ex/ibert_ultrascale_gth_0_ex.srcs/sources_1/ip/ibert_ultrascale_gth_0/ibert_ultrascale_gth_0/ibert_ultrascale_gth_0_in_context.xdc, line 77).
Applied set_property CLOCK_BUFFER_TYPE = NONE for gth_txn_o[15]. (constraint file  /net/top/homes/mhussain/ODMB/B2B_test/b2b_ibert_4p8_4quad/ibert_ultrascale_gth_0_ex/ibert_ultrascale_gth_0_ex.srcs/sources_1/ip/ibert_ultrascale_gth_0/ibert_ultrascale_gth_0/ibert_ultrascale_gth_0_in_context.xdc, line 78).
Applied set_property IO_BUFFER_TYPE = NONE for gth_txn_o[1]. (constraint file  /net/top/homes/mhussain/ODMB/B2B_test/b2b_ibert_4p8_4quad/ibert_ultrascale_gth_0_ex/ibert_ultrascale_gth_0_ex.srcs/sources_1/ip/ibert_ultrascale_gth_0/ibert_ultrascale_gth_0/ibert_ultrascale_gth_0_in_context.xdc, line 79).
Applied set_property CLOCK_BUFFER_TYPE = NONE for gth_txn_o[1]. (constraint file  /net/top/homes/mhussain/ODMB/B2B_test/b2b_ibert_4p8_4quad/ibert_ultrascale_gth_0_ex/ibert_ultrascale_gth_0_ex.srcs/sources_1/ip/ibert_ultrascale_gth_0/ibert_ultrascale_gth_0/ibert_ultrascale_gth_0_in_context.xdc, line 80).
Applied set_property IO_BUFFER_TYPE = NONE for gth_txn_o[2]. (constraint file  /net/top/homes/mhussain/ODMB/B2B_test/b2b_ibert_4p8_4quad/ibert_ultrascale_gth_0_ex/ibert_ultrascale_gth_0_ex.srcs/sources_1/ip/ibert_ultrascale_gth_0/ibert_ultrascale_gth_0/ibert_ultrascale_gth_0_in_context.xdc, line 81).
Applied set_property CLOCK_BUFFER_TYPE = NONE for gth_txn_o[2]. (constraint file  /net/top/homes/mhussain/ODMB/B2B_test/b2b_ibert_4p8_4quad/ibert_ultrascale_gth_0_ex/ibert_ultrascale_gth_0_ex.srcs/sources_1/ip/ibert_ultrascale_gth_0/ibert_ultrascale_gth_0/ibert_ultrascale_gth_0_in_context.xdc, line 82).
Applied set_property IO_BUFFER_TYPE = NONE for gth_txn_o[3]. (constraint file  /net/top/homes/mhussain/ODMB/B2B_test/b2b_ibert_4p8_4quad/ibert_ultrascale_gth_0_ex/ibert_ultrascale_gth_0_ex.srcs/sources_1/ip/ibert_ultrascale_gth_0/ibert_ultrascale_gth_0/ibert_ultrascale_gth_0_in_context.xdc, line 83).
Applied set_property CLOCK_BUFFER_TYPE = NONE for gth_txn_o[3]. (constraint file  /net/top/homes/mhussain/ODMB/B2B_test/b2b_ibert_4p8_4quad/ibert_ultrascale_gth_0_ex/ibert_ultrascale_gth_0_ex.srcs/sources_1/ip/ibert_ultrascale_gth_0/ibert_ultrascale_gth_0/ibert_ultrascale_gth_0_in_context.xdc, line 84).
Applied set_property IO_BUFFER_TYPE = NONE for gth_txn_o[4]. (constraint file  /net/top/homes/mhussain/ODMB/B2B_test/b2b_ibert_4p8_4quad/ibert_ultrascale_gth_0_ex/ibert_ultrascale_gth_0_ex.srcs/sources_1/ip/ibert_ultrascale_gth_0/ibert_ultrascale_gth_0/ibert_ultrascale_gth_0_in_context.xdc, line 85).
Applied set_property CLOCK_BUFFER_TYPE = NONE for gth_txn_o[4]. (constraint file  /net/top/homes/mhussain/ODMB/B2B_test/b2b_ibert_4p8_4quad/ibert_ultrascale_gth_0_ex/ibert_ultrascale_gth_0_ex.srcs/sources_1/ip/ibert_ultrascale_gth_0/ibert_ultrascale_gth_0/ibert_ultrascale_gth_0_in_context.xdc, line 86).
Applied set_property IO_BUFFER_TYPE = NONE for gth_txn_o[5]. (constraint file  /net/top/homes/mhussain/ODMB/B2B_test/b2b_ibert_4p8_4quad/ibert_ultrascale_gth_0_ex/ibert_ultrascale_gth_0_ex.srcs/sources_1/ip/ibert_ultrascale_gth_0/ibert_ultrascale_gth_0/ibert_ultrascale_gth_0_in_context.xdc, line 87).
Applied set_property CLOCK_BUFFER_TYPE = NONE for gth_txn_o[5]. (constraint file  /net/top/homes/mhussain/ODMB/B2B_test/b2b_ibert_4p8_4quad/ibert_ultrascale_gth_0_ex/ibert_ultrascale_gth_0_ex.srcs/sources_1/ip/ibert_ultrascale_gth_0/ibert_ultrascale_gth_0/ibert_ultrascale_gth_0_in_context.xdc, line 88).
Applied set_property IO_BUFFER_TYPE = NONE for gth_txn_o[6]. (constraint file  /net/top/homes/mhussain/ODMB/B2B_test/b2b_ibert_4p8_4quad/ibert_ultrascale_gth_0_ex/ibert_ultrascale_gth_0_ex.srcs/sources_1/ip/ibert_ultrascale_gth_0/ibert_ultrascale_gth_0/ibert_ultrascale_gth_0_in_context.xdc, line 89).
Applied set_property CLOCK_BUFFER_TYPE = NONE for gth_txn_o[6]. (constraint file  /net/top/homes/mhussain/ODMB/B2B_test/b2b_ibert_4p8_4quad/ibert_ultrascale_gth_0_ex/ibert_ultrascale_gth_0_ex.srcs/sources_1/ip/ibert_ultrascale_gth_0/ibert_ultrascale_gth_0/ibert_ultrascale_gth_0_in_context.xdc, line 90).
Applied set_property IO_BUFFER_TYPE = NONE for gth_txn_o[7]. (constraint file  /net/top/homes/mhussain/ODMB/B2B_test/b2b_ibert_4p8_4quad/ibert_ultrascale_gth_0_ex/ibert_ultrascale_gth_0_ex.srcs/sources_1/ip/ibert_ultrascale_gth_0/ibert_ultrascale_gth_0/ibert_ultrascale_gth_0_in_context.xdc, line 91).
Applied set_property CLOCK_BUFFER_TYPE = NONE for gth_txn_o[7]. (constraint file  /net/top/homes/mhussain/ODMB/B2B_test/b2b_ibert_4p8_4quad/ibert_ultrascale_gth_0_ex/ibert_ultrascale_gth_0_ex.srcs/sources_1/ip/ibert_ultrascale_gth_0/ibert_ultrascale_gth_0/ibert_ultrascale_gth_0_in_context.xdc, line 92).
Applied set_property IO_BUFFER_TYPE = NONE for gth_txn_o[8]. (constraint file  /net/top/homes/mhussain/ODMB/B2B_test/b2b_ibert_4p8_4quad/ibert_ultrascale_gth_0_ex/ibert_ultrascale_gth_0_ex.srcs/sources_1/ip/ibert_ultrascale_gth_0/ibert_ultrascale_gth_0/ibert_ultrascale_gth_0_in_context.xdc, line 93).
Applied set_property CLOCK_BUFFER_TYPE = NONE for gth_txn_o[8]. (constraint file  /net/top/homes/mhussain/ODMB/B2B_test/b2b_ibert_4p8_4quad/ibert_ultrascale_gth_0_ex/ibert_ultrascale_gth_0_ex.srcs/sources_1/ip/ibert_ultrascale_gth_0/ibert_ultrascale_gth_0/ibert_ultrascale_gth_0_in_context.xdc, line 94).
Applied set_property IO_BUFFER_TYPE = NONE for gth_txn_o[9]. (constraint file  /net/top/homes/mhussain/ODMB/B2B_test/b2b_ibert_4p8_4quad/ibert_ultrascale_gth_0_ex/ibert_ultrascale_gth_0_ex.srcs/sources_1/ip/ibert_ultrascale_gth_0/ibert_ultrascale_gth_0/ibert_ultrascale_gth_0_in_context.xdc, line 95).
Applied set_property CLOCK_BUFFER_TYPE = NONE for gth_txn_o[9]. (constraint file  /net/top/homes/mhussain/ODMB/B2B_test/b2b_ibert_4p8_4quad/ibert_ultrascale_gth_0_ex/ibert_ultrascale_gth_0_ex.srcs/sources_1/ip/ibert_ultrascale_gth_0/ibert_ultrascale_gth_0/ibert_ultrascale_gth_0_in_context.xdc, line 96).
Applied set_property IO_BUFFER_TYPE = NONE for gth_txp_o[0]. (constraint file  /net/top/homes/mhussain/ODMB/B2B_test/b2b_ibert_4p8_4quad/ibert_ultrascale_gth_0_ex/ibert_ultrascale_gth_0_ex.srcs/sources_1/ip/ibert_ultrascale_gth_0/ibert_ultrascale_gth_0/ibert_ultrascale_gth_0_in_context.xdc, line 97).
Applied set_property CLOCK_BUFFER_TYPE = NONE for gth_txp_o[0]. (constraint file  /net/top/homes/mhussain/ODMB/B2B_test/b2b_ibert_4p8_4quad/ibert_ultrascale_gth_0_ex/ibert_ultrascale_gth_0_ex.srcs/sources_1/ip/ibert_ultrascale_gth_0/ibert_ultrascale_gth_0/ibert_ultrascale_gth_0_in_context.xdc, line 98).
Applied set_property IO_BUFFER_TYPE = NONE for gth_txp_o[10]. (constraint file  /net/top/homes/mhussain/ODMB/B2B_test/b2b_ibert_4p8_4quad/ibert_ultrascale_gth_0_ex/ibert_ultrascale_gth_0_ex.srcs/sources_1/ip/ibert_ultrascale_gth_0/ibert_ultrascale_gth_0/ibert_ultrascale_gth_0_in_context.xdc, line 99).
Applied set_property CLOCK_BUFFER_TYPE = NONE for gth_txp_o[10]. (constraint file  /net/top/homes/mhussain/ODMB/B2B_test/b2b_ibert_4p8_4quad/ibert_ultrascale_gth_0_ex/ibert_ultrascale_gth_0_ex.srcs/sources_1/ip/ibert_ultrascale_gth_0/ibert_ultrascale_gth_0/ibert_ultrascale_gth_0_in_context.xdc, line 100).
Applied set_property IO_BUFFER_TYPE = NONE for gth_txp_o[11]. (constraint file  /net/top/homes/mhussain/ODMB/B2B_test/b2b_ibert_4p8_4quad/ibert_ultrascale_gth_0_ex/ibert_ultrascale_gth_0_ex.srcs/sources_1/ip/ibert_ultrascale_gth_0/ibert_ultrascale_gth_0/ibert_ultrascale_gth_0_in_context.xdc, line 101).
Applied set_property CLOCK_BUFFER_TYPE = NONE for gth_txp_o[11]. (constraint file  /net/top/homes/mhussain/ODMB/B2B_test/b2b_ibert_4p8_4quad/ibert_ultrascale_gth_0_ex/ibert_ultrascale_gth_0_ex.srcs/sources_1/ip/ibert_ultrascale_gth_0/ibert_ultrascale_gth_0/ibert_ultrascale_gth_0_in_context.xdc, line 102).
Applied set_property IO_BUFFER_TYPE = NONE for gth_txp_o[12]. (constraint file  /net/top/homes/mhussain/ODMB/B2B_test/b2b_ibert_4p8_4quad/ibert_ultrascale_gth_0_ex/ibert_ultrascale_gth_0_ex.srcs/sources_1/ip/ibert_ultrascale_gth_0/ibert_ultrascale_gth_0/ibert_ultrascale_gth_0_in_context.xdc, line 103).
Applied set_property CLOCK_BUFFER_TYPE = NONE for gth_txp_o[12]. (constraint file  /net/top/homes/mhussain/ODMB/B2B_test/b2b_ibert_4p8_4quad/ibert_ultrascale_gth_0_ex/ibert_ultrascale_gth_0_ex.srcs/sources_1/ip/ibert_ultrascale_gth_0/ibert_ultrascale_gth_0/ibert_ultrascale_gth_0_in_context.xdc, line 104).
Applied set_property IO_BUFFER_TYPE = NONE for gth_txp_o[13]. (constraint file  /net/top/homes/mhussain/ODMB/B2B_test/b2b_ibert_4p8_4quad/ibert_ultrascale_gth_0_ex/ibert_ultrascale_gth_0_ex.srcs/sources_1/ip/ibert_ultrascale_gth_0/ibert_ultrascale_gth_0/ibert_ultrascale_gth_0_in_context.xdc, line 105).
Applied set_property CLOCK_BUFFER_TYPE = NONE for gth_txp_o[13]. (constraint file  /net/top/homes/mhussain/ODMB/B2B_test/b2b_ibert_4p8_4quad/ibert_ultrascale_gth_0_ex/ibert_ultrascale_gth_0_ex.srcs/sources_1/ip/ibert_ultrascale_gth_0/ibert_ultrascale_gth_0/ibert_ultrascale_gth_0_in_context.xdc, line 106).
Applied set_property IO_BUFFER_TYPE = NONE for gth_txp_o[14]. (constraint file  /net/top/homes/mhussain/ODMB/B2B_test/b2b_ibert_4p8_4quad/ibert_ultrascale_gth_0_ex/ibert_ultrascale_gth_0_ex.srcs/sources_1/ip/ibert_ultrascale_gth_0/ibert_ultrascale_gth_0/ibert_ultrascale_gth_0_in_context.xdc, line 107).
Applied set_property CLOCK_BUFFER_TYPE = NONE for gth_txp_o[14]. (constraint file  /net/top/homes/mhussain/ODMB/B2B_test/b2b_ibert_4p8_4quad/ibert_ultrascale_gth_0_ex/ibert_ultrascale_gth_0_ex.srcs/sources_1/ip/ibert_ultrascale_gth_0/ibert_ultrascale_gth_0/ibert_ultrascale_gth_0_in_context.xdc, line 108).
Applied set_property IO_BUFFER_TYPE = NONE for gth_txp_o[15]. (constraint file  /net/top/homes/mhussain/ODMB/B2B_test/b2b_ibert_4p8_4quad/ibert_ultrascale_gth_0_ex/ibert_ultrascale_gth_0_ex.srcs/sources_1/ip/ibert_ultrascale_gth_0/ibert_ultrascale_gth_0/ibert_ultrascale_gth_0_in_context.xdc, line 109).
Applied set_property CLOCK_BUFFER_TYPE = NONE for gth_txp_o[15]. (constraint file  /net/top/homes/mhussain/ODMB/B2B_test/b2b_ibert_4p8_4quad/ibert_ultrascale_gth_0_ex/ibert_ultrascale_gth_0_ex.srcs/sources_1/ip/ibert_ultrascale_gth_0/ibert_ultrascale_gth_0/ibert_ultrascale_gth_0_in_context.xdc, line 110).
Applied set_property IO_BUFFER_TYPE = NONE for gth_txp_o[1]. (constraint file  /net/top/homes/mhussain/ODMB/B2B_test/b2b_ibert_4p8_4quad/ibert_ultrascale_gth_0_ex/ibert_ultrascale_gth_0_ex.srcs/sources_1/ip/ibert_ultrascale_gth_0/ibert_ultrascale_gth_0/ibert_ultrascale_gth_0_in_context.xdc, line 111).
Applied set_property CLOCK_BUFFER_TYPE = NONE for gth_txp_o[1]. (constraint file  /net/top/homes/mhussain/ODMB/B2B_test/b2b_ibert_4p8_4quad/ibert_ultrascale_gth_0_ex/ibert_ultrascale_gth_0_ex.srcs/sources_1/ip/ibert_ultrascale_gth_0/ibert_ultrascale_gth_0/ibert_ultrascale_gth_0_in_context.xdc, line 112).
Applied set_property IO_BUFFER_TYPE = NONE for gth_txp_o[2]. (constraint file  /net/top/homes/mhussain/ODMB/B2B_test/b2b_ibert_4p8_4quad/ibert_ultrascale_gth_0_ex/ibert_ultrascale_gth_0_ex.srcs/sources_1/ip/ibert_ultrascale_gth_0/ibert_ultrascale_gth_0/ibert_ultrascale_gth_0_in_context.xdc, line 113).
Applied set_property CLOCK_BUFFER_TYPE = NONE for gth_txp_o[2]. (constraint file  /net/top/homes/mhussain/ODMB/B2B_test/b2b_ibert_4p8_4quad/ibert_ultrascale_gth_0_ex/ibert_ultrascale_gth_0_ex.srcs/sources_1/ip/ibert_ultrascale_gth_0/ibert_ultrascale_gth_0/ibert_ultrascale_gth_0_in_context.xdc, line 114).
Applied set_property IO_BUFFER_TYPE = NONE for gth_txp_o[3]. (constraint file  /net/top/homes/mhussain/ODMB/B2B_test/b2b_ibert_4p8_4quad/ibert_ultrascale_gth_0_ex/ibert_ultrascale_gth_0_ex.srcs/sources_1/ip/ibert_ultrascale_gth_0/ibert_ultrascale_gth_0/ibert_ultrascale_gth_0_in_context.xdc, line 115).
Applied set_property CLOCK_BUFFER_TYPE = NONE for gth_txp_o[3]. (constraint file  /net/top/homes/mhussain/ODMB/B2B_test/b2b_ibert_4p8_4quad/ibert_ultrascale_gth_0_ex/ibert_ultrascale_gth_0_ex.srcs/sources_1/ip/ibert_ultrascale_gth_0/ibert_ultrascale_gth_0/ibert_ultrascale_gth_0_in_context.xdc, line 116).
Applied set_property IO_BUFFER_TYPE = NONE for gth_txp_o[4]. (constraint file  /net/top/homes/mhussain/ODMB/B2B_test/b2b_ibert_4p8_4quad/ibert_ultrascale_gth_0_ex/ibert_ultrascale_gth_0_ex.srcs/sources_1/ip/ibert_ultrascale_gth_0/ibert_ultrascale_gth_0/ibert_ultrascale_gth_0_in_context.xdc, line 117).
Applied set_property CLOCK_BUFFER_TYPE = NONE for gth_txp_o[4]. (constraint file  /net/top/homes/mhussain/ODMB/B2B_test/b2b_ibert_4p8_4quad/ibert_ultrascale_gth_0_ex/ibert_ultrascale_gth_0_ex.srcs/sources_1/ip/ibert_ultrascale_gth_0/ibert_ultrascale_gth_0/ibert_ultrascale_gth_0_in_context.xdc, line 118).
Applied set_property IO_BUFFER_TYPE = NONE for gth_txp_o[5]. (constraint file  /net/top/homes/mhussain/ODMB/B2B_test/b2b_ibert_4p8_4quad/ibert_ultrascale_gth_0_ex/ibert_ultrascale_gth_0_ex.srcs/sources_1/ip/ibert_ultrascale_gth_0/ibert_ultrascale_gth_0/ibert_ultrascale_gth_0_in_context.xdc, line 119).
Applied set_property CLOCK_BUFFER_TYPE = NONE for gth_txp_o[5]. (constraint file  /net/top/homes/mhussain/ODMB/B2B_test/b2b_ibert_4p8_4quad/ibert_ultrascale_gth_0_ex/ibert_ultrascale_gth_0_ex.srcs/sources_1/ip/ibert_ultrascale_gth_0/ibert_ultrascale_gth_0/ibert_ultrascale_gth_0_in_context.xdc, line 120).
Applied set_property IO_BUFFER_TYPE = NONE for gth_txp_o[6]. (constraint file  /net/top/homes/mhussain/ODMB/B2B_test/b2b_ibert_4p8_4quad/ibert_ultrascale_gth_0_ex/ibert_ultrascale_gth_0_ex.srcs/sources_1/ip/ibert_ultrascale_gth_0/ibert_ultrascale_gth_0/ibert_ultrascale_gth_0_in_context.xdc, line 121).
Applied set_property CLOCK_BUFFER_TYPE = NONE for gth_txp_o[6]. (constraint file  /net/top/homes/mhussain/ODMB/B2B_test/b2b_ibert_4p8_4quad/ibert_ultrascale_gth_0_ex/ibert_ultrascale_gth_0_ex.srcs/sources_1/ip/ibert_ultrascale_gth_0/ibert_ultrascale_gth_0/ibert_ultrascale_gth_0_in_context.xdc, line 122).
Applied set_property IO_BUFFER_TYPE = NONE for gth_txp_o[7]. (constraint file  /net/top/homes/mhussain/ODMB/B2B_test/b2b_ibert_4p8_4quad/ibert_ultrascale_gth_0_ex/ibert_ultrascale_gth_0_ex.srcs/sources_1/ip/ibert_ultrascale_gth_0/ibert_ultrascale_gth_0/ibert_ultrascale_gth_0_in_context.xdc, line 123).
Applied set_property CLOCK_BUFFER_TYPE = NONE for gth_txp_o[7]. (constraint file  /net/top/homes/mhussain/ODMB/B2B_test/b2b_ibert_4p8_4quad/ibert_ultrascale_gth_0_ex/ibert_ultrascale_gth_0_ex.srcs/sources_1/ip/ibert_ultrascale_gth_0/ibert_ultrascale_gth_0/ibert_ultrascale_gth_0_in_context.xdc, line 124).
Applied set_property IO_BUFFER_TYPE = NONE for gth_txp_o[8]. (constraint file  /net/top/homes/mhussain/ODMB/B2B_test/b2b_ibert_4p8_4quad/ibert_ultrascale_gth_0_ex/ibert_ultrascale_gth_0_ex.srcs/sources_1/ip/ibert_ultrascale_gth_0/ibert_ultrascale_gth_0/ibert_ultrascale_gth_0_in_context.xdc, line 125).
Applied set_property CLOCK_BUFFER_TYPE = NONE for gth_txp_o[8]. (constraint file  /net/top/homes/mhussain/ODMB/B2B_test/b2b_ibert_4p8_4quad/ibert_ultrascale_gth_0_ex/ibert_ultrascale_gth_0_ex.srcs/sources_1/ip/ibert_ultrascale_gth_0/ibert_ultrascale_gth_0/ibert_ultrascale_gth_0_in_context.xdc, line 126).
Applied set_property IO_BUFFER_TYPE = NONE for gth_txp_o[9]. (constraint file  /net/top/homes/mhussain/ODMB/B2B_test/b2b_ibert_4p8_4quad/ibert_ultrascale_gth_0_ex/ibert_ultrascale_gth_0_ex.srcs/sources_1/ip/ibert_ultrascale_gth_0/ibert_ultrascale_gth_0/ibert_ultrascale_gth_0_in_context.xdc, line 127).
Applied set_property CLOCK_BUFFER_TYPE = NONE for gth_txp_o[9]. (constraint file  /net/top/homes/mhussain/ODMB/B2B_test/b2b_ibert_4p8_4quad/ibert_ultrascale_gth_0_ex/ibert_ultrascale_gth_0_ex.srcs/sources_1/ip/ibert_ultrascale_gth_0/ibert_ultrascale_gth_0/ibert_ultrascale_gth_0_in_context.xdc, line 128).
Applied set_property DONT_TOUCH = true for u_ibert_gth_core. (constraint file  auto generated constraint, line ).
Applied set_property DONT_TOUCH = true for spy. (constraint file  auto generated constraint, line ).
---------------------------------------------------------------------------------
Finished applying 'set_property' XDC Constraints : Time (s): cpu = 00:00:08 ; elapsed = 00:00:17 . Memory (MB): peak = 2496.500 ; gain = 368.098 ; free physical = 108733 ; free virtual = 151085
---------------------------------------------------------------------------------
---------------------------------------------------------------------------------
Finished RTL Optimization Phase 2 : Time (s): cpu = 00:00:09 ; elapsed = 00:00:18 . Memory (MB): peak = 2496.500 ; gain = 368.098 ; free physical = 108732 ; free virtual = 151084
---------------------------------------------------------------------------------

Report RTL Partitions: 
+-+--------------+------------+----------+
| |RTL Partition |Replication |Instances |
+-+--------------+------------+----------+
+-+--------------+------------+----------+
---------------------------------------------------------------------------------
Start RTL Component Statistics 
---------------------------------------------------------------------------------
Detailed RTL Component Info : 
---------------------------------------------------------------------------------
Finished RTL Component Statistics 
---------------------------------------------------------------------------------
---------------------------------------------------------------------------------
Start RTL Hierarchical Component Statistics 
---------------------------------------------------------------------------------
Hierarchical RTL Component report 
---------------------------------------------------------------------------------
Finished RTL Hierarchical Component Statistics
---------------------------------------------------------------------------------
---------------------------------------------------------------------------------
Start Part Resource Summary
---------------------------------------------------------------------------------
Part Resources:
DSPs: 1700 (col length:120)
BRAMs: 1080 (col length: RAMB18 120 RAMB36 60)
---------------------------------------------------------------------------------
Finished Part Resource Summary
---------------------------------------------------------------------------------
---------------------------------------------------------------------------------
Start Cross Boundary and Area Optimization
---------------------------------------------------------------------------------
Warning: Parallel synthesis criteria is not met 
WARNING: [Synth 8-3917] design example_ibert_ultrascale_gth_0 has port kus_dl_sel driven by constant 1
WARNING: [Synth 8-3917] design example_ibert_ultrascale_gth_0 has port fpga_sel_18 driven by constant 0
WARNING: [Synth 8-3917] design example_ibert_ultrascale_gth_0 has port rst_clks_18_b driven by constant 1
WARNING: [Synth 8-3917] design example_ibert_ultrascale_gth_0 has port RX12_I2C_ENA driven by constant 0
WARNING: [Synth 8-3917] design example_ibert_ultrascale_gth_0 has port RX12_CS_B driven by constant 1
WARNING: [Synth 8-3917] design example_ibert_ultrascale_gth_0 has port RX12_RST_B driven by constant 1
WARNING: [Synth 8-3917] design example_ibert_ultrascale_gth_0 has port TX12_I2C_ENA driven by constant 0
WARNING: [Synth 8-3917] design example_ibert_ultrascale_gth_0 has port TX12_CS_B driven by constant 1
WARNING: [Synth 8-3917] design example_ibert_ultrascale_gth_0 has port TX12_RST_B driven by constant 1
WARNING: [Synth 8-3917] design example_ibert_ultrascale_gth_0 has port B04_I2C_ENA driven by constant 0
WARNING: [Synth 8-3917] design example_ibert_ultrascale_gth_0 has port B04_CS_B driven by constant 1
WARNING: [Synth 8-3917] design example_ibert_ultrascale_gth_0 has port B04_RST_B driven by constant 1
WARNING: [Synth 8-3331] design example_ibert_ultrascale_gth_0 has unconnected port ccb_hardrst_b
WARNING: [Synth 8-3331] design example_ibert_ultrascale_gth_0 has unconnected port ccb_soft_rst
WARNING: [Synth 8-3331] design example_ibert_ultrascale_gth_0 has unconnected port done
WARNING: [Synth 8-3331] design example_ibert_ultrascale_gth_0 has unconnected port B04_INT_B
WARNING: [Synth 8-3331] design example_ibert_ultrascale_gth_0 has unconnected port B04_PRESENT_B
---------------------------------------------------------------------------------
Finished Cross Boundary and Area Optimization : Time (s): cpu = 00:00:09 ; elapsed = 00:00:19 . Memory (MB): peak = 2496.500 ; gain = 368.098 ; free physical = 108722 ; free virtual = 151077
---------------------------------------------------------------------------------

Report RTL Partitions: 
+-+--------------+------------+----------+
| |RTL Partition |Replication |Instances |
+-+--------------+------------+----------+
+-+--------------+------------+----------+
---------------------------------------------------------------------------------
Start Applying XDC Timing Constraints
---------------------------------------------------------------------------------
---------------------------------------------------------------------------------
Finished Applying XDC Timing Constraints : Time (s): cpu = 00:00:23 ; elapsed = 00:01:04 . Memory (MB): peak = 2567.945 ; gain = 439.543 ; free physical = 108486 ; free virtual = 150841
---------------------------------------------------------------------------------
---------------------------------------------------------------------------------
Start Timing Optimization
---------------------------------------------------------------------------------
---------------------------------------------------------------------------------
Finished Timing Optimization : Time (s): cpu = 00:00:23 ; elapsed = 00:01:04 . Memory (MB): peak = 2567.945 ; gain = 439.543 ; free physical = 108486 ; free virtual = 150841
---------------------------------------------------------------------------------

Report RTL Partitions: 
+-+--------------+------------+----------+
| |RTL Partition |Replication |Instances |
+-+--------------+------------+----------+
+-+--------------+------------+----------+
---------------------------------------------------------------------------------
Start Technology Mapping
---------------------------------------------------------------------------------
---------------------------------------------------------------------------------
Finished Technology Mapping : Time (s): cpu = 00:00:23 ; elapsed = 00:01:04 . Memory (MB): peak = 2577.957 ; gain = 449.555 ; free physical = 108485 ; free virtual = 150840
---------------------------------------------------------------------------------

Report RTL Partitions: 
+-+--------------+------------+----------+
| |RTL Partition |Replication |Instances |
+-+--------------+------------+----------+
+-+--------------+------------+----------+
---------------------------------------------------------------------------------
Start IO Insertion
---------------------------------------------------------------------------------
---------------------------------------------------------------------------------
Start Flattening Before IO Insertion
---------------------------------------------------------------------------------
---------------------------------------------------------------------------------
Finished Flattening Before IO Insertion
---------------------------------------------------------------------------------
---------------------------------------------------------------------------------
Start Final Netlist Cleanup
---------------------------------------------------------------------------------
---------------------------------------------------------------------------------
Finished Final Netlist Cleanup
---------------------------------------------------------------------------------
---------------------------------------------------------------------------------
Finished IO Insertion : Time (s): cpu = 00:00:26 ; elapsed = 00:01:06 . Memory (MB): peak = 2591.836 ; gain = 463.434 ; free physical = 108484 ; free virtual = 150839
---------------------------------------------------------------------------------
---------------------------------------------------------------------------------
Start Renaming Generated Instances
---------------------------------------------------------------------------------
---------------------------------------------------------------------------------
Finished Renaming Generated Instances : Time (s): cpu = 00:00:26 ; elapsed = 00:01:06 . Memory (MB): peak = 2591.836 ; gain = 463.434 ; free physical = 108484 ; free virtual = 150839
---------------------------------------------------------------------------------

Report RTL Partitions: 
+-+--------------+------------+----------+
| |RTL Partition |Replication |Instances |
+-+--------------+------------+----------+
+-+--------------+------------+----------+

Report Check Netlist: 
+------+------------------+-------+---------+-------+------------------+
|      |Item              |Errors |Warnings |Status |Description       |
+------+------------------+-------+---------+-------+------------------+
|1     |multi_driven_nets |      0|        0|Passed |Multi driven nets |
+------+------------------+-------+---------+-------+------------------+
---------------------------------------------------------------------------------
Start Rebuilding User Hierarchy
---------------------------------------------------------------------------------
---------------------------------------------------------------------------------
Finished Rebuilding User Hierarchy : Time (s): cpu = 00:00:26 ; elapsed = 00:01:06 . Memory (MB): peak = 2591.836 ; gain = 463.434 ; free physical = 108484 ; free virtual = 150839
---------------------------------------------------------------------------------
---------------------------------------------------------------------------------
Start Renaming Generated Ports
---------------------------------------------------------------------------------
---------------------------------------------------------------------------------
Finished Renaming Generated Ports : Time (s): cpu = 00:00:26 ; elapsed = 00:01:06 . Memory (MB): peak = 2591.836 ; gain = 463.434 ; free physical = 108484 ; free virtual = 150839
---------------------------------------------------------------------------------
---------------------------------------------------------------------------------
Start Handling Custom Attributes
---------------------------------------------------------------------------------
---------------------------------------------------------------------------------
Finished Handling Custom Attributes : Time (s): cpu = 00:00:26 ; elapsed = 00:01:06 . Memory (MB): peak = 2591.836 ; gain = 463.434 ; free physical = 108484 ; free virtual = 150839
---------------------------------------------------------------------------------
---------------------------------------------------------------------------------
Start Renaming Generated Nets
---------------------------------------------------------------------------------
---------------------------------------------------------------------------------
Finished Renaming Generated Nets : Time (s): cpu = 00:00:26 ; elapsed = 00:01:06 . Memory (MB): peak = 2591.836 ; gain = 463.434 ; free physical = 108484 ; free virtual = 150839
---------------------------------------------------------------------------------
---------------------------------------------------------------------------------
Start Writing Synthesis Report
---------------------------------------------------------------------------------

Report BlackBoxes: 
+------+-----------------------+----------+
|      |BlackBox name          |Instances |
+------+-----------------------+----------+
|1     |ibert_ultrascale_gth_0 |         1|
|2     |vio_0                  |         1|
+------+-----------------------+----------+

Report Cell Usage: 
+------+-----------------------+------+
|      |Cell                   |Count |
+------+-----------------------+------+
|1     |ibert_ultrascale_gth_0 |     1|
|2     |vio_0                  |     1|
|3     |IBUFDS_GTE3            |     8|
|4     |IBUFGDS                |     1|
|5     |OBUF                   |    13|
+------+-----------------------+------+

Report Instance Areas: 
+------+---------+-------+------+
|      |Instance |Module |Cells |
+------+---------+-------+------+
|1     |top      |       |    71|
+------+---------+-------+------+
---------------------------------------------------------------------------------
Finished Writing Synthesis Report : Time (s): cpu = 00:00:26 ; elapsed = 00:01:06 . Memory (MB): peak = 2591.836 ; gain = 463.434 ; free physical = 108484 ; free virtual = 150839
---------------------------------------------------------------------------------
Synthesis finished with 0 errors, 0 critical warnings and 17 warnings.
Synthesis Optimization Runtime : Time (s): cpu = 00:00:25 ; elapsed = 00:01:04 . Memory (MB): peak = 2591.836 ; gain = 358.688 ; free physical = 108506 ; free virtual = 150860
Synthesis Optimization Complete : Time (s): cpu = 00:00:26 ; elapsed = 00:01:06 . Memory (MB): peak = 2591.840 ; gain = 463.434 ; free physical = 108584 ; free virtual = 150939
INFO: [Project 1-571] Translating synthesized netlist
Netlist sorting complete. Time (s): cpu = 00:00:00.01 ; elapsed = 00:00:00.01 . Memory (MB): peak = 2591.840 ; gain = 0.000 ; free physical = 108577 ; free virtual = 150932
INFO: [Netlist 29-17] Analyzing 1 Unisim elements for replacement
INFO: [Netlist 29-28] Unisim Transformation completed in 0 CPU seconds
INFO: [Project 1-570] Preparing netlist for logic optimization
INFO: [Opt 31-138] Pushed 0 inverter(s) to 0 load pin(s).
Netlist sorting complete. Time (s): cpu = 00:00:00 ; elapsed = 00:00:00 . Memory (MB): peak = 2620.586 ; gain = 0.000 ; free physical = 108534 ; free virtual = 150889
INFO: [Project 1-111] Unisim Transformation Summary:
  A total of 1 instances were transformed.
  IBUFGDS => IBUFDS (DIFFINBUF, IBUFCTRL): 1 instance 

INFO: [Common 17-83] Releasing license: Synthesis
26 Infos, 35 Warnings, 0 Critical Warnings and 0 Errors encountered.
synth_design completed successfully
synth_design: Time (s): cpu = 00:00:35 ; elapsed = 00:01:33 . Memory (MB): peak = 2620.586 ; gain = 988.977 ; free physical = 108658 ; free virtual = 151013
Netlist sorting complete. Time (s): cpu = 00:00:00 ; elapsed = 00:00:00 . Memory (MB): peak = 2620.586 ; gain = 0.000 ; free physical = 108658 ; free virtual = 151013
WARNING: [Constraints 18-5210] No constraints selected for write.
Resolution: This message can indicate that there are no constraints for the design, or it can indicate that the used_in flags are set such that the constraints are ignored. This later case is used when running synth_design to not write synthesis constraints to the resulting checkpoint. Instead, project constraints are read when the synthesized design is opened.
INFO: [Common 17-1381] The checkpoint '/net/top/homes/mhussain/ODMB/B2B_test/b2b_ibert_4p8_4quad/ibert_ultrascale_gth_0_ex/ibert_ultrascale_gth_0_ex.runs/synth_1/example_ibert_ultrascale_gth_0.dcp' has been generated.
INFO: [runtcl-4] Executing : report_utilization -file example_ibert_ultrascale_gth_0_utilization_synth.rpt -pb example_ibert_ultrascale_gth_0_utilization_synth.pb
INFO: [Common 17-206] Exiting Vivado at Tue Jul 16 12:11:09 2024...
