Copyright 1986-2019 Xilinx, Inc. All Rights Reserved.
----------------------------------------------------------------------------------------------------------------------------------------------------------------------------------------------------------------
| Tool Version     : Vivado v.2019.2 (lin64) Build 2708876 Wed Nov  6 21:39:14 MST 2019
| Date             : Tue Jul 16 12:24:48 2024
| Host             : higgs.physics.ucsb.edu running 64-bit Scientific Linux release 7.9 (Nitrogen)
| Command          : report_power -file example_ibert_ultrascale_gth_0_power_routed.rpt -pb example_ibert_ultrascale_gth_0_power_summary_routed.pb -rpx example_ibert_ultrascale_gth_0_power_routed.rpx
| Design           : example_ibert_ultrascale_gth_0
| Device           : xcku035-ffva1156-1-c
| Design State     : routed
| Grade            : commercial
| Process          : typical
| Characterization : Production
----------------------------------------------------------------------------------------------------------------------------------------------------------------------------------------------------------------

Power Report

Table of Contents
-----------------
1. Summary
1.1 On-Chip Components
1.2 Power Supply Summary
1.3 Confidence Level
2. Settings
2.1 Environment
2.2 Clock Constraints
3. Detailed Reports
3.1 By Hierarchy

1. Summary
----------

+--------------------------+--------------+
| Total On-Chip Power (W)  | 4.746        |
| Design Power Budget (W)  | Unspecified* |
| Power Budget Margin (W)  | NA           |
| Dynamic (W)              | 4.179        |
| Device Static (W)        | 0.566        |
| Effective TJA (C/W)      | 1.4          |
| Max Ambient (C)          | 78.3         |
| Junction Temperature (C) | 31.7         |
| Confidence Level         | Medium       |
| Setting File             | ---          |
| Simulation Activity File | ---          |
| Design Nets Matched      | NA           |
+--------------------------+--------------+
* Specify Design Power Budget using, set_operating_conditions -design_power_budget <value in Watts>


1.1 On-Chip Components
----------------------

+--------------------------+-----------+----------+-----------+-----------------+
| On-Chip                  | Power (W) | Used     | Available | Utilization (%) |
+--------------------------+-----------+----------+-----------+-----------------+
| Clocks                   |     0.268 |      137 |       --- |             --- |
| CLB Logic                |     0.081 |   108403 |       --- |             --- |
|   LUT as Logic           |     0.044 |    29776 |    203128 |           14.66 |
|   LUT as Distributed RAM |     0.015 |      544 |    112800 |            0.48 |
|   Register               |     0.011 |    61847 |    406256 |           15.22 |
|   LUT as Shift Register  |     0.011 |      560 |    112800 |            0.50 |
|   CARRY8                 |    <0.001 |      491 |     30300 |            1.62 |
|   F7/F8 Muxes            |    <0.001 |     3184 |    242400 |            1.31 |
|   Others                 |     0.000 |     4384 |       --- |             --- |
| Signals                  |     0.095 |    87648 |       --- |             --- |
| Block RAM                |     0.066 |       80 |       540 |           14.81 |
| MMCM                     |     0.125 |        1 |        10 |           10.00 |
| DSPs                     |     0.005 |       32 |      1700 |            1.88 |
| I/O                      |     0.008 |       15 |       520 |            2.88 |
| GTH                      |     3.531 |       16 |        16 |          100.00 |
| Static Power             |     0.566 |          |           |                 |
| Total                    |     4.746 |          |           |                 |
+--------------------------+-----------+----------+-----------+-----------------+


1.2 Power Supply Summary
------------------------

+------------+-------------+-----------+-------------+------------+
| Source     | Voltage (V) | Total (A) | Dynamic (A) | Static (A) |
+------------+-------------+-----------+-------------+------------+
| Vccint     |       0.950 |     0.939 |       0.764 |      0.175 |
| Vccaux     |       1.800 |     0.167 |       0.069 |      0.098 |
| Vccaux_io  |       1.800 |     0.068 |       0.003 |      0.065 |
| Vccint_io  |       0.950 |     0.019 |       0.000 |      0.019 |
| Vcco33     |       3.300 |     0.000 |       0.000 |      0.000 |
| Vcco25     |       2.500 |     0.000 |       0.000 |      0.000 |
| Vcco18     |       1.800 |     0.001 |       0.001 |      0.000 |
| Vcco15     |       1.500 |     0.000 |       0.000 |      0.000 |
| Vcco135    |       1.350 |     0.000 |       0.000 |      0.000 |
| Vcco12     |       1.200 |     0.000 |       0.000 |      0.000 |
| Vcco10     |       1.000 |     0.000 |       0.000 |      0.000 |
| Vccbram    |       0.950 |     0.015 |       0.002 |      0.014 |
| MGTAVcc    |       1.000 |     2.032 |       1.997 |      0.035 |
| MGTAVtt    |       1.200 |     1.036 |       1.022 |      0.014 |
| MGTVccaux  |       1.800 |     0.053 |       0.053 |      0.000 |
| Vccadc     |       1.800 |     0.014 |       0.000 |      0.014 |
| MGTYVccaux |       1.800 |     0.000 |       0.000 |      0.000 |
| MGTYAVcc   |       1.000 |     0.000 |       0.000 |      0.000 |
| MGTYAVtt   |       1.200 |     0.000 |       0.000 |      0.000 |
+------------+-------------+-----------+-------------+------------+


1.3 Confidence Level
--------------------

+-----------------------------+------------+------------------------------------------------+------------------------------------------------------------------------------------------------------------+
| User Input Data             | Confidence | Details                                        | Action                                                                                                     |
+-----------------------------+------------+------------------------------------------------+------------------------------------------------------------------------------------------------------------+
| Design implementation state | High       | Design is routed                               |                                                                                                            |
| Clock nodes activity        | High       | User specified more than 95% of clocks         |                                                                                                            |
| I/O nodes activity          | High       | User specified more than 95% of inputs         |                                                                                                            |
| Internal nodes activity     | Medium     | User specified less than 25% of internal nodes | Provide missing internal nodes activity with simulation results or by editing the "By Resource Type" views |
| Device models               | High       | Device models are Production                   |                                                                                                            |
|                             |            |                                                |                                                                                                            |
| Overall confidence level    | Medium     |                                                |                                                                                                            |
+-----------------------------+------------+------------------------------------------------+------------------------------------------------------------------------------------------------------------+


2. Settings
-----------

2.1 Environment
---------------

+-----------------------+--------------------------+
| Ambient Temp (C)      | 25.0                     |
| ThetaJA (C/W)         | 1.4                      |
| Airflow (LFM)         | 250                      |
| Heat Sink             | medium (Medium Profile)  |
| ThetaSA (C/W)         | 2.4                      |
| Board Selection       | medium (10"x10")         |
| # of Board Layers     | 12to15 (12 to 15 Layers) |
| Board Temperature (C) | 25.0                     |
+-----------------------+--------------------------+


2.2 Clock Constraints
---------------------

+--------------------------------------------------------------------------------------------+----------------------------------------------------------------------+-----------------+
| Clock                                                                                      | Domain                                                               | Constraint (ns) |
+--------------------------------------------------------------------------------------------+----------------------------------------------------------------------+-----------------+
| D_CLK                                                                                      | gth_sysclkp_i                                                        |            12.5 |
| USE_DIVIDER.dclk_mmcm                                                                      | dbg_hub/inst/BSCANID.u_xsdbm_id/USE_DIVIDER.dclk_mmcm                |            12.5 |
| dbg_hub/inst/BSCANID.u_xsdbm_id/SWITCH_N_EXT_BSCAN.bscan_inst/SERIES7_BSCAN.bscan_inst/TCK | dbg_hub/inst/BSCANID.u_xsdbm_id/SWITCH_N_EXT_BSCAN.bscan_inst/tck_bs |            33.0 |
| gth_refclk0_0                                                                              | gth_refclk0p_i[0]                                                    |             6.2 |
| gth_refclk0_1                                                                              | gth_refclk0p_i[1]                                                    |             6.2 |
| gth_refclk0_2                                                                              | gth_refclk0p_i[2]                                                    |             6.2 |
| gth_refclk0_3                                                                              | gth_refclk0p_i[3]                                                    |             6.2 |
| gth_refclk1_0                                                                              | gth_refclk1p_i[0]                                                    |             6.2 |
| gth_refclk1_1                                                                              | gth_refclk1p_i[1]                                                    |             6.2 |
| gth_refclk1_2                                                                              | gth_refclk1p_i[2]                                                    |             6.2 |
| gth_refclk1_3                                                                              | gth_refclk1p_i[3]                                                    |             6.2 |
| qpll1outclk_o                                                                              | u_ibert_gth_core/inst/QUAD[0].u_q/u_common/qpll1outclk_o             |             0.2 |
| qpll1outclk_o_1                                                                            | u_ibert_gth_core/inst/QUAD[1].u_q/u_common/qpll1outclk_o             |             0.2 |
| qpll1outclk_o_2                                                                            | u_ibert_gth_core/inst/QUAD[2].u_q/u_common/qpll1outclk_o             |             0.2 |
| qpll1outclk_o_3                                                                            | u_ibert_gth_core/inst/QUAD[3].u_q/u_common/qpll1outclk_o             |             0.2 |
| qpll1outrefclk_o                                                                           | u_ibert_gth_core/inst/QUAD[0].u_q/u_common/qpll1outrefclk_o          |             6.2 |
| qpll1outrefclk_o_1                                                                         | u_ibert_gth_core/inst/QUAD[1].u_q/u_common/qpll1outrefclk_o          |             6.2 |
| qpll1outrefclk_o_2                                                                         | u_ibert_gth_core/inst/QUAD[2].u_q/u_common/qpll1outrefclk_o          |             6.2 |
| qpll1outrefclk_o_3                                                                         | u_ibert_gth_core/inst/QUAD[3].u_q/u_common/qpll1outrefclk_o          |             6.2 |
| refclkoutmonitor1_com                                                                      | u_ibert_gth_core/inst/QUAD[0].u_q/u_common/refclkoutmonitor1_com     |             6.2 |
| refclkoutmonitor1_com_1                                                                    | u_ibert_gth_core/inst/QUAD[1].u_q/u_common/refclkoutmonitor1_com     |             6.2 |
| refclkoutmonitor1_com_2                                                                    | u_ibert_gth_core/inst/QUAD[2].u_q/u_common/refclkoutmonitor1_com     |             6.2 |
| refclkoutmonitor1_com_3                                                                    | u_ibert_gth_core/inst/QUAD[3].u_q/u_common/refclkoutmonitor1_com     |             6.2 |
| rxoutclk_o                                                                                 | u_ibert_gth_core/inst/QUAD[0].u_q/CH[0].u_ch/rxoutclk_o              |             8.3 |
| rxoutclk_o[0]                                                                              | u_ibert_gth_core/inst/QUAD[0].u_q/u_common/u_clocking/rxusrclk_o[0]  |             8.3 |
| rxoutclk_o[10]                                                                             | u_ibert_gth_core/inst/QUAD[2].u_q/u_common/u_clocking/rxusrclk_o[2]  |             8.3 |
| rxoutclk_o[11]                                                                             | u_ibert_gth_core/inst/QUAD[2].u_q/u_common/u_clocking/rxusrclk_o[3]  |             8.3 |
| rxoutclk_o[12]                                                                             | u_ibert_gth_core/inst/QUAD[3].u_q/u_common/u_clocking/rxusrclk_o[0]  |             8.3 |
| rxoutclk_o[13]                                                                             | u_ibert_gth_core/inst/QUAD[3].u_q/u_common/u_clocking/rxusrclk_o[1]  |             8.3 |
| rxoutclk_o[14]                                                                             | u_ibert_gth_core/inst/QUAD[3].u_q/u_common/u_clocking/rxusrclk_o[2]  |             8.3 |
| rxoutclk_o[15]                                                                             | u_ibert_gth_core/inst/QUAD[3].u_q/u_common/u_clocking/rxusrclk_o[3]  |             8.3 |
| rxoutclk_o[1]                                                                              | u_ibert_gth_core/inst/QUAD[0].u_q/u_common/u_clocking/rxusrclk_o[1]  |             8.3 |
| rxoutclk_o[2]                                                                              | u_ibert_gth_core/inst/QUAD[0].u_q/u_common/u_clocking/rxusrclk_o[2]  |             8.3 |
| rxoutclk_o[3]                                                                              | u_ibert_gth_core/inst/QUAD[0].u_q/u_common/u_clocking/rxusrclk_o[3]  |             8.3 |
| rxoutclk_o[4]                                                                              | u_ibert_gth_core/inst/QUAD[1].u_q/u_common/u_clocking/rxusrclk_o[0]  |             8.3 |
| rxoutclk_o[5]                                                                              | u_ibert_gth_core/inst/QUAD[1].u_q/u_common/u_clocking/rxusrclk_o[1]  |             8.3 |
| rxoutclk_o[6]                                                                              | u_ibert_gth_core/inst/QUAD[1].u_q/u_common/u_clocking/rxusrclk_o[2]  |             8.3 |
| rxoutclk_o[7]                                                                              | u_ibert_gth_core/inst/QUAD[1].u_q/u_common/u_clocking/rxusrclk_o[3]  |             8.3 |
| rxoutclk_o[8]                                                                              | u_ibert_gth_core/inst/QUAD[2].u_q/u_common/u_clocking/rxusrclk_o[0]  |             8.3 |
| rxoutclk_o[9]                                                                              | u_ibert_gth_core/inst/QUAD[2].u_q/u_common/u_clocking/rxusrclk_o[1]  |             8.3 |
| rxoutclk_o_1                                                                               | u_ibert_gth_core/inst/QUAD[0].u_q/CH[1].u_ch/rxoutclk_o              |             8.3 |
| rxoutclk_o_10                                                                              | u_ibert_gth_core/inst/QUAD[2].u_q/CH[2].u_ch/rxoutclk_o              |             8.3 |
| rxoutclk_o_11                                                                              | u_ibert_gth_core/inst/QUAD[2].u_q/CH[3].u_ch/rxoutclk_o              |             8.3 |
| rxoutclk_o_12                                                                              | u_ibert_gth_core/inst/QUAD[3].u_q/CH[0].u_ch/rxoutclk_o              |             8.3 |
| rxoutclk_o_13                                                                              | u_ibert_gth_core/inst/QUAD[3].u_q/CH[1].u_ch/rxoutclk_o              |             8.3 |
| rxoutclk_o_14                                                                              | u_ibert_gth_core/inst/QUAD[3].u_q/CH[2].u_ch/rxoutclk_o              |             8.3 |
| rxoutclk_o_15                                                                              | u_ibert_gth_core/inst/QUAD[3].u_q/CH[3].u_ch/rxoutclk_o              |             8.3 |
| rxoutclk_o_2                                                                               | u_ibert_gth_core/inst/QUAD[0].u_q/CH[2].u_ch/rxoutclk_o              |             8.3 |
| rxoutclk_o_3                                                                               | u_ibert_gth_core/inst/QUAD[0].u_q/CH[3].u_ch/rxoutclk_o              |             8.3 |
| rxoutclk_o_4                                                                               | u_ibert_gth_core/inst/QUAD[1].u_q/CH[0].u_ch/rxoutclk_o              |             8.3 |
| rxoutclk_o_5                                                                               | u_ibert_gth_core/inst/QUAD[1].u_q/CH[1].u_ch/rxoutclk_o              |             8.3 |
| rxoutclk_o_6                                                                               | u_ibert_gth_core/inst/QUAD[1].u_q/CH[2].u_ch/rxoutclk_o              |             8.3 |
| rxoutclk_o_7                                                                               | u_ibert_gth_core/inst/QUAD[1].u_q/CH[3].u_ch/rxoutclk_o              |             8.3 |
| rxoutclk_o_8                                                                               | u_ibert_gth_core/inst/QUAD[2].u_q/CH[0].u_ch/rxoutclk_o              |             8.3 |
| rxoutclk_o_9                                                                               | u_ibert_gth_core/inst/QUAD[2].u_q/CH[1].u_ch/rxoutclk_o              |             8.3 |
| rxusrclk2_i[0]                                                                             | u_ibert_gth_core/inst/QUAD[0].u_q/u_common/u_clocking/rxusrclk2_o[0] |             8.3 |
| rxusrclk2_i[0]_1                                                                           | u_ibert_gth_core/inst/QUAD[1].u_q/u_common/u_clocking/rxusrclk2_o[0] |             8.3 |
| rxusrclk2_i[0]_2                                                                           | u_ibert_gth_core/inst/QUAD[2].u_q/u_common/u_clocking/rxusrclk2_o[0] |             8.3 |
| rxusrclk2_i[0]_3                                                                           | u_ibert_gth_core/inst/QUAD[3].u_q/u_common/u_clocking/rxusrclk2_o[0] |             8.3 |
| rxusrclk2_i[2]                                                                             | u_ibert_gth_core/inst/QUAD[0].u_q/u_common/u_clocking/rxusrclk2_o[2] |             8.3 |
| rxusrclk2_i[2]_1                                                                           | u_ibert_gth_core/inst/QUAD[1].u_q/u_common/u_clocking/rxusrclk2_o[2] |             8.3 |
| rxusrclk2_i[2]_2                                                                           | u_ibert_gth_core/inst/QUAD[2].u_q/u_common/u_clocking/rxusrclk2_o[2] |             8.3 |
| rxusrclk2_i[2]_3                                                                           | u_ibert_gth_core/inst/QUAD[3].u_q/u_common/u_clocking/rxusrclk2_o[2] |             8.3 |
| rxusrclk2_i__0[1]                                                                          | u_ibert_gth_core/inst/QUAD[0].u_q/u_common/u_clocking/rxusrclk2_o[1] |             8.3 |
| rxusrclk2_i__0[1]_1                                                                        | u_ibert_gth_core/inst/QUAD[1].u_q/u_common/u_clocking/rxusrclk2_o[1] |             8.3 |
| rxusrclk2_i__0[1]_2                                                                        | u_ibert_gth_core/inst/QUAD[2].u_q/u_common/u_clocking/rxusrclk2_o[1] |             8.3 |
| rxusrclk2_i__0[1]_3                                                                        | u_ibert_gth_core/inst/QUAD[3].u_q/u_common/u_clocking/rxusrclk2_o[1] |             8.3 |
| rxusrclk2_i__0[3]                                                                          | u_ibert_gth_core/inst/QUAD[0].u_q/u_common/u_clocking/rxusrclk2_o[3] |             8.3 |
| rxusrclk2_i__0[3]_1                                                                        | u_ibert_gth_core/inst/QUAD[1].u_q/u_common/u_clocking/rxusrclk2_o[3] |             8.3 |
| rxusrclk2_i__0[3]_2                                                                        | u_ibert_gth_core/inst/QUAD[2].u_q/u_common/u_clocking/rxusrclk2_o[3] |             8.3 |
| rxusrclk2_i__0[3]_3                                                                        | u_ibert_gth_core/inst/QUAD[3].u_q/u_common/u_clocking/rxusrclk2_o[3] |             8.3 |
| txoutclk_o                                                                                 | u_ibert_gth_core/inst/QUAD[0].u_q/CH[0].u_ch/txoutclk_o              |             8.3 |
| txoutclk_o[0]                                                                              | u_ibert_gth_core/inst/QUAD[0].u_q/u_common/u_clocking/txusrclk_o[0]  |             8.3 |
| txoutclk_o[10]                                                                             | u_ibert_gth_core/inst/QUAD[2].u_q/u_common/u_clocking/txusrclk_o[2]  |             8.3 |
| txoutclk_o[11]                                                                             | u_ibert_gth_core/inst/QUAD[2].u_q/u_common/u_clocking/txusrclk_o[3]  |             8.3 |
| txoutclk_o[12]                                                                             | u_ibert_gth_core/inst/QUAD[3].u_q/u_common/u_clocking/txusrclk_o[0]  |             8.3 |
| txoutclk_o[13]                                                                             | u_ibert_gth_core/inst/QUAD[3].u_q/u_common/u_clocking/txusrclk_o[1]  |             8.3 |
| txoutclk_o[14]                                                                             | u_ibert_gth_core/inst/QUAD[3].u_q/u_common/u_clocking/txusrclk_o[2]  |             8.3 |
| txoutclk_o[15]                                                                             | u_ibert_gth_core/inst/QUAD[3].u_q/u_common/u_clocking/txusrclk_o[3]  |             8.3 |
| txoutclk_o[1]                                                                              | u_ibert_gth_core/inst/QUAD[0].u_q/u_common/u_clocking/txusrclk_o[1]  |             8.3 |
| txoutclk_o[2]                                                                              | u_ibert_gth_core/inst/QUAD[0].u_q/u_common/u_clocking/txusrclk_o[2]  |             8.3 |
| txoutclk_o[3]                                                                              | u_ibert_gth_core/inst/QUAD[0].u_q/u_common/u_clocking/txusrclk_o[3]  |             8.3 |
| txoutclk_o[4]                                                                              | u_ibert_gth_core/inst/QUAD[1].u_q/u_common/u_clocking/txusrclk_o[0]  |             8.3 |
| txoutclk_o[5]                                                                              | u_ibert_gth_core/inst/QUAD[1].u_q/u_common/u_clocking/txusrclk_o[1]  |             8.3 |
| txoutclk_o[6]                                                                              | u_ibert_gth_core/inst/QUAD[1].u_q/u_common/u_clocking/txusrclk_o[2]  |             8.3 |
| txoutclk_o[7]                                                                              | u_ibert_gth_core/inst/QUAD[1].u_q/u_common/u_clocking/txusrclk_o[3]  |             8.3 |
| txoutclk_o[8]                                                                              | u_ibert_gth_core/inst/QUAD[2].u_q/u_common/u_clocking/txusrclk_o[0]  |             8.3 |
| txoutclk_o[9]                                                                              | u_ibert_gth_core/inst/QUAD[2].u_q/u_common/u_clocking/txusrclk_o[1]  |             8.3 |
| txoutclk_o_1                                                                               | u_ibert_gth_core/inst/QUAD[0].u_q/CH[1].u_ch/txoutclk_o              |             8.3 |
| txoutclk_o_10                                                                              | u_ibert_gth_core/inst/QUAD[2].u_q/CH[2].u_ch/txoutclk_o              |             8.3 |
| txoutclk_o_11                                                                              | u_ibert_gth_core/inst/QUAD[2].u_q/CH[3].u_ch/txoutclk_o              |             8.3 |
| txoutclk_o_12                                                                              | u_ibert_gth_core/inst/QUAD[3].u_q/CH[0].u_ch/txoutclk_o              |             8.3 |
| txoutclk_o_13                                                                              | u_ibert_gth_core/inst/QUAD[3].u_q/CH[1].u_ch/txoutclk_o              |             8.3 |
| txoutclk_o_14                                                                              | u_ibert_gth_core/inst/QUAD[3].u_q/CH[2].u_ch/txoutclk_o              |             8.3 |
| txoutclk_o_15                                                                              | u_ibert_gth_core/inst/QUAD[3].u_q/CH[3].u_ch/txoutclk_o              |             8.3 |
| txoutclk_o_2                                                                               | u_ibert_gth_core/inst/QUAD[0].u_q/CH[2].u_ch/txoutclk_o              |             8.3 |
| txoutclk_o_3                                                                               | u_ibert_gth_core/inst/QUAD[0].u_q/CH[3].u_ch/txoutclk_o              |             8.3 |
| txoutclk_o_4                                                                               | u_ibert_gth_core/inst/QUAD[1].u_q/CH[0].u_ch/txoutclk_o              |             8.3 |
| txoutclk_o_5                                                                               | u_ibert_gth_core/inst/QUAD[1].u_q/CH[1].u_ch/txoutclk_o              |             8.3 |
| txoutclk_o_6                                                                               | u_ibert_gth_core/inst/QUAD[1].u_q/CH[2].u_ch/txoutclk_o              |             8.3 |
| txoutclk_o_7                                                                               | u_ibert_gth_core/inst/QUAD[1].u_q/CH[3].u_ch/txoutclk_o              |             8.3 |
| txoutclk_o_8                                                                               | u_ibert_gth_core/inst/QUAD[2].u_q/CH[0].u_ch/txoutclk_o              |             8.3 |
| txoutclk_o_9                                                                               | u_ibert_gth_core/inst/QUAD[2].u_q/CH[1].u_ch/txoutclk_o              |             8.3 |
| txusrclk2_i[0]                                                                             | u_ibert_gth_core/inst/QUAD[0].u_q/u_common/u_clocking/txusrclk2_o[0] |             8.3 |
| txusrclk2_i[0]_1                                                                           | u_ibert_gth_core/inst/QUAD[1].u_q/u_common/u_clocking/txusrclk2_o[0] |             8.3 |
| txusrclk2_i[0]_2                                                                           | u_ibert_gth_core/inst/QUAD[2].u_q/u_common/u_clocking/txusrclk2_o[0] |             8.3 |
| txusrclk2_i[0]_3                                                                           | u_ibert_gth_core/inst/QUAD[3].u_q/u_common/u_clocking/txusrclk2_o[0] |             8.3 |
| txusrclk2_i[2]                                                                             | u_ibert_gth_core/inst/QUAD[0].u_q/u_common/u_clocking/txusrclk2_o[2] |             8.3 |
| txusrclk2_i[2]_1                                                                           | u_ibert_gth_core/inst/QUAD[1].u_q/u_common/u_clocking/txusrclk2_o[2] |             8.3 |
| txusrclk2_i[2]_2                                                                           | u_ibert_gth_core/inst/QUAD[2].u_q/u_common/u_clocking/txusrclk2_o[2] |             8.3 |
| txusrclk2_i[2]_3                                                                           | u_ibert_gth_core/inst/QUAD[3].u_q/u_common/u_clocking/txusrclk2_o[2] |             8.3 |
| txusrclk2_i__0[1]                                                                          | u_ibert_gth_core/inst/QUAD[0].u_q/u_common/u_clocking/txusrclk2_o[1] |             8.3 |
| txusrclk2_i__0[1]_1                                                                        | u_ibert_gth_core/inst/QUAD[1].u_q/u_common/u_clocking/txusrclk2_o[1] |             8.3 |
| txusrclk2_i__0[1]_2                                                                        | u_ibert_gth_core/inst/QUAD[2].u_q/u_common/u_clocking/txusrclk2_o[1] |             8.3 |
| txusrclk2_i__0[1]_3                                                                        | u_ibert_gth_core/inst/QUAD[3].u_q/u_common/u_clocking/txusrclk2_o[1] |             8.3 |
| txusrclk2_i__0[3]                                                                          | u_ibert_gth_core/inst/QUAD[0].u_q/u_common/u_clocking/txusrclk2_o[3] |             8.3 |
| txusrclk2_i__0[3]_1                                                                        | u_ibert_gth_core/inst/QUAD[1].u_q/u_common/u_clocking/txusrclk2_o[3] |             8.3 |
| txusrclk2_i__0[3]_2                                                                        | u_ibert_gth_core/inst/QUAD[2].u_q/u_common/u_clocking/txusrclk2_o[3] |             8.3 |
| txusrclk2_i__0[3]_3                                                                        | u_ibert_gth_core/inst/QUAD[3].u_q/u_common/u_clocking/txusrclk2_o[3] |             8.3 |
| u_ibert_gth_core/inst/QUAD[0].u_q/CH[0].u_ch/u_gthe3_channel/DMONITOROUT[16]               | u_ibert_gth_core/inst/QUAD[0].u_q/CH[0].u_ch/dmonitorclk             |             4.0 |
| u_ibert_gth_core/inst/QUAD[0].u_q/CH[1].u_ch/u_gthe3_channel/DMONITOROUT[16]               | u_ibert_gth_core/inst/QUAD[0].u_q/CH[1].u_ch/dmonitorclk             |             4.0 |
| u_ibert_gth_core/inst/QUAD[0].u_q/CH[2].u_ch/u_gthe3_channel/DMONITOROUT[16]               | u_ibert_gth_core/inst/QUAD[0].u_q/CH[2].u_ch/dmonitorclk             |             4.0 |
| u_ibert_gth_core/inst/QUAD[0].u_q/CH[3].u_ch/u_gthe3_channel/DMONITOROUT[16]               | u_ibert_gth_core/inst/QUAD[0].u_q/CH[3].u_ch/dmonitorclk             |             4.0 |
| u_ibert_gth_core/inst/QUAD[1].u_q/CH[0].u_ch/u_gthe3_channel/DMONITOROUT[16]               | u_ibert_gth_core/inst/QUAD[1].u_q/CH[0].u_ch/dmonitorclk             |             4.0 |
| u_ibert_gth_core/inst/QUAD[1].u_q/CH[1].u_ch/u_gthe3_channel/DMONITOROUT[16]               | u_ibert_gth_core/inst/QUAD[1].u_q/CH[1].u_ch/dmonitorclk             |             4.0 |
| u_ibert_gth_core/inst/QUAD[1].u_q/CH[2].u_ch/u_gthe3_channel/DMONITOROUT[16]               | u_ibert_gth_core/inst/QUAD[1].u_q/CH[2].u_ch/dmonitorclk             |             4.0 |
| u_ibert_gth_core/inst/QUAD[1].u_q/CH[3].u_ch/u_gthe3_channel/DMONITOROUT[16]               | u_ibert_gth_core/inst/QUAD[1].u_q/CH[3].u_ch/dmonitorclk             |             4.0 |
| u_ibert_gth_core/inst/QUAD[2].u_q/CH[0].u_ch/u_gthe3_channel/DMONITOROUT[16]               | u_ibert_gth_core/inst/QUAD[2].u_q/CH[0].u_ch/dmonitorclk             |             4.0 |
| u_ibert_gth_core/inst/QUAD[2].u_q/CH[1].u_ch/u_gthe3_channel/DMONITOROUT[16]               | u_ibert_gth_core/inst/QUAD[2].u_q/CH[1].u_ch/dmonitorclk             |             4.0 |
| u_ibert_gth_core/inst/QUAD[2].u_q/CH[2].u_ch/u_gthe3_channel/DMONITOROUT[16]               | u_ibert_gth_core/inst/QUAD[2].u_q/CH[2].u_ch/dmonitorclk             |             4.0 |
| u_ibert_gth_core/inst/QUAD[2].u_q/CH[3].u_ch/u_gthe3_channel/DMONITOROUT[16]               | u_ibert_gth_core/inst/QUAD[2].u_q/CH[3].u_ch/dmonitorclk             |             4.0 |
| u_ibert_gth_core/inst/QUAD[3].u_q/CH[0].u_ch/u_gthe3_channel/DMONITOROUT[16]               | u_ibert_gth_core/inst/QUAD[3].u_q/CH[0].u_ch/dmonitorclk             |             4.0 |
| u_ibert_gth_core/inst/QUAD[3].u_q/CH[1].u_ch/u_gthe3_channel/DMONITOROUT[16]               | u_ibert_gth_core/inst/QUAD[3].u_q/CH[1].u_ch/dmonitorclk             |             4.0 |
| u_ibert_gth_core/inst/QUAD[3].u_q/CH[2].u_ch/u_gthe3_channel/DMONITOROUT[16]               | u_ibert_gth_core/inst/QUAD[3].u_q/CH[2].u_ch/dmonitorclk             |             4.0 |
| u_ibert_gth_core/inst/QUAD[3].u_q/CH[3].u_ch/u_gthe3_channel/DMONITOROUT[16]               | u_ibert_gth_core/inst/QUAD[3].u_q/CH[3].u_ch/dmonitorclk             |             4.0 |
+--------------------------------------------------------------------------------------------+----------------------------------------------------------------------+-----------------+


3. Detailed Reports
-------------------

3.1 By Hierarchy
----------------

+--------------------------------+-----------+
| Name                           | Power (W) |
+--------------------------------+-----------+
| example_ibert_ultrascale_gth_0 |     4.179 |
|   dbg_hub                      |     0.129 |
|     inst                       |     0.129 |
|       BSCANID.u_xsdbm_id       |     0.129 |
|   u_ibert_gth_core             |     4.042 |
|     inst                       |     4.042 |
|       QUAD[0].u_q              |     1.011 |
|       QUAD[1].u_q              |     1.010 |
|       QUAD[2].u_q              |     1.013 |
|       QUAD[3].u_q              |     1.009 |
|   u_ibufgds                    |     0.004 |
+--------------------------------+-----------+


